Calling target program-options parser
[20:02:59.592] [bmv2] [D] [thread 39751] Set default default entry for table 'MyIngress.calculate': MyIngress.operation_drop - 
[20:02:59.592] [bmv2] [D] [thread 39751] Entry 0 added to table 'MyIngress.calculate'
[20:02:59.592] [bmv2] [D] [thread 39751] Dumping entry 0
Match key:
* hdr.p4calc.op       : EXACT     2b
Action entry: MyIngress.operation_add - 

[20:02:59.592] [bmv2] [D] [thread 39751] Entry 1 added to table 'MyIngress.calculate'
[20:02:59.592] [bmv2] [D] [thread 39751] Dumping entry 1
Match key:
* hdr.p4calc.op       : EXACT     2d
Action entry: MyIngress.operation_sub - 

[20:02:59.592] [bmv2] [D] [thread 39751] Entry 2 added to table 'MyIngress.calculate'
[20:02:59.592] [bmv2] [D] [thread 39751] Dumping entry 2
Match key:
* hdr.p4calc.op       : EXACT     26
Action entry: MyIngress.operation_and - 

[20:02:59.592] [bmv2] [D] [thread 39751] Entry 3 added to table 'MyIngress.calculate'
[20:02:59.592] [bmv2] [D] [thread 39751] Dumping entry 3
Match key:
* hdr.p4calc.op       : EXACT     7c
Action entry: MyIngress.operation_or - 

[20:02:59.592] [bmv2] [D] [thread 39751] Entry 4 added to table 'MyIngress.calculate'
[20:02:59.592] [bmv2] [D] [thread 39751] Dumping entry 4
Match key:
* hdr.p4calc.op       : EXACT     5e
Action entry: MyIngress.operation_xor - 

[20:02:59.592] [bmv2] [D] [thread 39751] Set default default entry for table 'tbl_operation_drop': MyIngress.operation_drop - 
Adding interface s1-eth1 as port 1
[20:02:59.597] [bmv2] [D] [thread 39751] Adding interface s1-eth1 as port 1
Adding interface s1-eth2 as port 2
[20:02:59.608] [bmv2] [D] [thread 39751] Adding interface s1-eth2 as port 2
Server listening on 0.0.0.0:50051
[20:02:59.623] [bmv2] [I] [thread 39751] Starting Thrift server on port 9090
[20:02:59.623] [bmv2] [I] [thread 39751] Thrift server was started
[20:02:59.686] [bmv2] [D] [thread 39770] [0.0] [cxt 0] Processing packet received on port 2
[20:02:59.686] [bmv2] [D] [thread 39770] [0.0] [cxt 0] Parser 'parser': start
[20:02:59.686] [bmv2] [D] [thread 39770] [0.0] [cxt 0] Parser 'parser' entering state 'start'
[20:02:59.686] [bmv2] [D] [thread 39770] [0.0] [cxt 0] Extracting header 'ethernet'
[20:02:59.686] [bmv2] [D] [thread 39770] [0.0] [cxt 0] Parser state 'start': key is 86dd
[20:02:59.686] [bmv2] [T] [thread 39770] [0.0] [cxt 0] Bytes parsed: 14
[20:02:59.686] [bmv2] [D] [thread 39770] [0.0] [cxt 0] Parser 'parser': end
[20:02:59.686] [bmv2] [D] [thread 39770] [0.0] [cxt 0] Pipeline 'ingress': start
[20:02:59.686] [bmv2] [T] [thread 39770] [0.0] [cxt 0] calc.p4(213) Condition "hdr.p4calc.isValid()" (node_2) is false
[20:02:59.686] [bmv2] [T] [thread 39770] [0.0] [cxt 0] Applying table 'tbl_operation_drop'
[20:02:59.686] [bmv2] [D] [thread 39770] [0.0] [cxt 0] Looking up key:

[20:02:59.686] [bmv2] [D] [thread 39770] [0.0] [cxt 0] Table 'tbl_operation_drop': miss
[20:02:59.686] [bmv2] [D] [thread 39770] [0.0] [cxt 0] Action entry is MyIngress.operation_drop - 
[20:02:59.686] [bmv2] [T] [thread 39770] [0.0] [cxt 0] Action MyIngress.operation_drop
[20:02:59.687] [bmv2] [T] [thread 39770] [0.0] [cxt 0] calc.p4(186) Primitive mark_to_drop(standard_metadata)
[20:02:59.687] [bmv2] [D] [thread 39770] [0.0] [cxt 0] Pipeline 'ingress': end
[20:02:59.687] [bmv2] [D] [thread 39770] [0.0] [cxt 0] Egress port is 511
[20:02:59.687] [bmv2] [D] [thread 39770] [0.0] [cxt 0] Dropping packet at the end of ingress
[20:02:59.733] [bmv2] [D] [thread 39770] [1.0] [cxt 0] Processing packet received on port 1
[20:02:59.733] [bmv2] [D] [thread 39770] [1.0] [cxt 0] Parser 'parser': start
[20:02:59.733] [bmv2] [D] [thread 39770] [1.0] [cxt 0] Parser 'parser' entering state 'start'
[20:02:59.733] [bmv2] [D] [thread 39770] [1.0] [cxt 0] Extracting header 'ethernet'
[20:02:59.733] [bmv2] [D] [thread 39770] [1.0] [cxt 0] Parser state 'start': key is 86dd
[20:02:59.733] [bmv2] [T] [thread 39770] [1.0] [cxt 0] Bytes parsed: 14
[20:02:59.733] [bmv2] [D] [thread 39770] [1.0] [cxt 0] Parser 'parser': end
[20:02:59.734] [bmv2] [D] [thread 39770] [1.0] [cxt 0] Pipeline 'ingress': start
[20:02:59.734] [bmv2] [T] [thread 39770] [1.0] [cxt 0] calc.p4(213) Condition "hdr.p4calc.isValid()" (node_2) is false
[20:02:59.734] [bmv2] [T] [thread 39770] [1.0] [cxt 0] Applying table 'tbl_operation_drop'
[20:02:59.734] [bmv2] [D] [thread 39770] [1.0] [cxt 0] Looking up key:

[20:02:59.734] [bmv2] [D] [thread 39770] [1.0] [cxt 0] Table 'tbl_operation_drop': miss
[20:02:59.734] [bmv2] [D] [thread 39770] [1.0] [cxt 0] Action entry is MyIngress.operation_drop - 
[20:02:59.734] [bmv2] [T] [thread 39770] [1.0] [cxt 0] Action MyIngress.operation_drop
[20:02:59.734] [bmv2] [T] [thread 39770] [1.0] [cxt 0] calc.p4(186) Primitive mark_to_drop(standard_metadata)
[20:02:59.734] [bmv2] [D] [thread 39770] [1.0] [cxt 0] Pipeline 'ingress': end
[20:02:59.734] [bmv2] [D] [thread 39770] [1.0] [cxt 0] Egress port is 511
[20:02:59.734] [bmv2] [D] [thread 39770] [1.0] [cxt 0] Dropping packet at the end of ingress
[20:02:59.885] [bmv2] [D] [thread 39770] [2.0] [cxt 0] Processing packet received on port 2
[20:02:59.885] [bmv2] [D] [thread 39770] [2.0] [cxt 0] Parser 'parser': start
[20:02:59.885] [bmv2] [D] [thread 39770] [2.0] [cxt 0] Parser 'parser' entering state 'start'
[20:02:59.885] [bmv2] [D] [thread 39770] [2.0] [cxt 0] Extracting header 'ethernet'
[20:02:59.886] [bmv2] [D] [thread 39770] [2.0] [cxt 0] Parser state 'start': key is 86dd
[20:02:59.886] [bmv2] [T] [thread 39770] [2.0] [cxt 0] Bytes parsed: 14
[20:02:59.886] [bmv2] [D] [thread 39770] [2.0] [cxt 0] Parser 'parser': end
[20:02:59.886] [bmv2] [D] [thread 39770] [2.0] [cxt 0] Pipeline 'ingress': start
[20:02:59.886] [bmv2] [T] [thread 39770] [2.0] [cxt 0] calc.p4(213) Condition "hdr.p4calc.isValid()" (node_2) is false
[20:02:59.886] [bmv2] [T] [thread 39770] [2.0] [cxt 0] Applying table 'tbl_operation_drop'
[20:02:59.886] [bmv2] [D] [thread 39770] [2.0] [cxt 0] Looking up key:

[20:02:59.886] [bmv2] [D] [thread 39770] [2.0] [cxt 0] Table 'tbl_operation_drop': miss
[20:02:59.886] [bmv2] [D] [thread 39770] [2.0] [cxt 0] Action entry is MyIngress.operation_drop - 
[20:02:59.886] [bmv2] [T] [thread 39770] [2.0] [cxt 0] Action MyIngress.operation_drop
[20:02:59.886] [bmv2] [T] [thread 39770] [2.0] [cxt 0] calc.p4(186) Primitive mark_to_drop(standard_metadata)
[20:02:59.886] [bmv2] [D] [thread 39770] [2.0] [cxt 0] Pipeline 'ingress': end
[20:02:59.886] [bmv2] [D] [thread 39770] [2.0] [cxt 0] Egress port is 511
[20:02:59.886] [bmv2] [D] [thread 39770] [2.0] [cxt 0] Dropping packet at the end of ingress
[20:03:00.149] [bmv2] [D] [thread 39770] [3.0] [cxt 0] Processing packet received on port 1
[20:03:00.149] [bmv2] [D] [thread 39770] [3.0] [cxt 0] Parser 'parser': start
[20:03:00.149] [bmv2] [D] [thread 39770] [3.0] [cxt 0] Parser 'parser' entering state 'start'
[20:03:00.149] [bmv2] [D] [thread 39770] [3.0] [cxt 0] Extracting header 'ethernet'
[20:03:00.150] [bmv2] [D] [thread 39770] [3.0] [cxt 0] Parser state 'start': key is 86dd
[20:03:00.150] [bmv2] [T] [thread 39770] [3.0] [cxt 0] Bytes parsed: 14
[20:03:00.150] [bmv2] [D] [thread 39770] [3.0] [cxt 0] Parser 'parser': end
[20:03:00.150] [bmv2] [D] [thread 39770] [3.0] [cxt 0] Pipeline 'ingress': start
[20:03:00.150] [bmv2] [T] [thread 39770] [3.0] [cxt 0] calc.p4(213) Condition "hdr.p4calc.isValid()" (node_2) is false
[20:03:00.150] [bmv2] [T] [thread 39770] [3.0] [cxt 0] Applying table 'tbl_operation_drop'
[20:03:00.150] [bmv2] [D] [thread 39770] [3.0] [cxt 0] Looking up key:

[20:03:00.150] [bmv2] [D] [thread 39770] [3.0] [cxt 0] Table 'tbl_operation_drop': miss
[20:03:00.150] [bmv2] [D] [thread 39770] [3.0] [cxt 0] Action entry is MyIngress.operation_drop - 
[20:03:00.150] [bmv2] [T] [thread 39770] [3.0] [cxt 0] Action MyIngress.operation_drop
[20:03:00.150] [bmv2] [T] [thread 39770] [3.0] [cxt 0] calc.p4(186) Primitive mark_to_drop(standard_metadata)
[20:03:00.150] [bmv2] [D] [thread 39770] [3.0] [cxt 0] Pipeline 'ingress': end
[20:03:00.150] [bmv2] [D] [thread 39770] [3.0] [cxt 0] Egress port is 511
[20:03:00.150] [bmv2] [D] [thread 39770] [3.0] [cxt 0] Dropping packet at the end of ingress
[20:03:00.790] [bmv2] [D] [thread 39770] [4.0] [cxt 0] Processing packet received on port 1
[20:03:00.791] [bmv2] [D] [thread 39770] [4.0] [cxt 0] Parser 'parser': start
[20:03:00.791] [bmv2] [D] [thread 39770] [4.0] [cxt 0] Parser 'parser' entering state 'start'
[20:03:00.791] [bmv2] [D] [thread 39770] [4.0] [cxt 0] Extracting header 'ethernet'
[20:03:00.791] [bmv2] [D] [thread 39770] [4.0] [cxt 0] Parser state 'start': key is 86dd
[20:03:00.791] [bmv2] [T] [thread 39770] [4.0] [cxt 0] Bytes parsed: 14
[20:03:00.791] [bmv2] [D] [thread 39770] [4.0] [cxt 0] Parser 'parser': end
[20:03:00.791] [bmv2] [D] [thread 39770] [4.0] [cxt 0] Pipeline 'ingress': start
[20:03:00.791] [bmv2] [T] [thread 39770] [4.0] [cxt 0] calc.p4(213) Condition "hdr.p4calc.isValid()" (node_2) is false
[20:03:00.791] [bmv2] [T] [thread 39770] [4.0] [cxt 0] Applying table 'tbl_operation_drop'
[20:03:00.791] [bmv2] [D] [thread 39770] [4.0] [cxt 0] Looking up key:

[20:03:00.791] [bmv2] [D] [thread 39770] [4.0] [cxt 0] Table 'tbl_operation_drop': miss
[20:03:00.791] [bmv2] [D] [thread 39770] [4.0] [cxt 0] Action entry is MyIngress.operation_drop - 
[20:03:00.791] [bmv2] [T] [thread 39770] [4.0] [cxt 0] Action MyIngress.operation_drop
[20:03:00.791] [bmv2] [T] [thread 39770] [4.0] [cxt 0] calc.p4(186) Primitive mark_to_drop(standard_metadata)
[20:03:00.791] [bmv2] [D] [thread 39770] [4.0] [cxt 0] Pipeline 'ingress': end
[20:03:00.791] [bmv2] [D] [thread 39770] [4.0] [cxt 0] Egress port is 511
[20:03:00.791] [bmv2] [D] [thread 39770] [4.0] [cxt 0] Dropping packet at the end of ingress
[20:03:00.791] [bmv2] [D] [thread 39770] [5.0] [cxt 0] Processing packet received on port 1
[20:03:00.791] [bmv2] [D] [thread 39770] [5.0] [cxt 0] Parser 'parser': start
[20:03:00.791] [bmv2] [D] [thread 39770] [5.0] [cxt 0] Parser 'parser' entering state 'start'
[20:03:00.791] [bmv2] [D] [thread 39770] [5.0] [cxt 0] Extracting header 'ethernet'
[20:03:00.792] [bmv2] [D] [thread 39770] [5.0] [cxt 0] Parser state 'start': key is 86dd
[20:03:00.792] [bmv2] [T] [thread 39770] [5.0] [cxt 0] Bytes parsed: 14
[20:03:00.792] [bmv2] [D] [thread 39770] [5.0] [cxt 0] Parser 'parser': end
[20:03:00.792] [bmv2] [D] [thread 39770] [5.0] [cxt 0] Pipeline 'ingress': start
[20:03:00.792] [bmv2] [T] [thread 39770] [5.0] [cxt 0] calc.p4(213) Condition "hdr.p4calc.isValid()" (node_2) is false
[20:03:00.792] [bmv2] [T] [thread 39770] [5.0] [cxt 0] Applying table 'tbl_operation_drop'
[20:03:00.792] [bmv2] [D] [thread 39770] [5.0] [cxt 0] Looking up key:

[20:03:00.792] [bmv2] [D] [thread 39770] [5.0] [cxt 0] Table 'tbl_operation_drop': miss
[20:03:00.792] [bmv2] [D] [thread 39770] [5.0] [cxt 0] Action entry is MyIngress.operation_drop - 
[20:03:00.792] [bmv2] [T] [thread 39770] [5.0] [cxt 0] Action MyIngress.operation_drop
[20:03:00.792] [bmv2] [T] [thread 39770] [5.0] [cxt 0] calc.p4(186) Primitive mark_to_drop(standard_metadata)
[20:03:00.792] [bmv2] [D] [thread 39770] [5.0] [cxt 0] Pipeline 'ingress': end
[20:03:00.792] [bmv2] [D] [thread 39770] [5.0] [cxt 0] Egress port is 511
[20:03:00.792] [bmv2] [D] [thread 39770] [5.0] [cxt 0] Dropping packet at the end of ingress
[20:03:00.793] [bmv2] [D] [thread 39770] [6.0] [cxt 0] Processing packet received on port 1
[20:03:00.793] [bmv2] [D] [thread 39770] [6.0] [cxt 0] Parser 'parser': start
[20:03:00.793] [bmv2] [D] [thread 39770] [6.0] [cxt 0] Parser 'parser' entering state 'start'
[20:03:00.793] [bmv2] [D] [thread 39770] [6.0] [cxt 0] Extracting header 'ethernet'
[20:03:00.793] [bmv2] [D] [thread 39770] [6.0] [cxt 0] Parser state 'start': key is 86dd
[20:03:00.793] [bmv2] [T] [thread 39770] [6.0] [cxt 0] Bytes parsed: 14
[20:03:00.793] [bmv2] [D] [thread 39770] [6.0] [cxt 0] Parser 'parser': end
[20:03:00.793] [bmv2] [D] [thread 39770] [6.0] [cxt 0] Pipeline 'ingress': start
[20:03:00.794] [bmv2] [T] [thread 39770] [6.0] [cxt 0] calc.p4(213) Condition "hdr.p4calc.isValid()" (node_2) is false
[20:03:00.794] [bmv2] [T] [thread 39770] [6.0] [cxt 0] Applying table 'tbl_operation_drop'
[20:03:00.794] [bmv2] [D] [thread 39770] [6.0] [cxt 0] Looking up key:

[20:03:00.794] [bmv2] [D] [thread 39770] [6.0] [cxt 0] Table 'tbl_operation_drop': miss
[20:03:00.794] [bmv2] [D] [thread 39770] [6.0] [cxt 0] Action entry is MyIngress.operation_drop - 
[20:03:00.794] [bmv2] [T] [thread 39770] [6.0] [cxt 0] Action MyIngress.operation_drop
[20:03:00.794] [bmv2] [T] [thread 39770] [6.0] [cxt 0] calc.p4(186) Primitive mark_to_drop(standard_metadata)
[20:03:00.794] [bmv2] [D] [thread 39770] [6.0] [cxt 0] Pipeline 'ingress': end
[20:03:00.794] [bmv2] [D] [thread 39770] [6.0] [cxt 0] Egress port is 511
[20:03:00.794] [bmv2] [D] [thread 39770] [6.0] [cxt 0] Dropping packet at the end of ingress
[20:03:00.890] [bmv2] [D] [thread 39770] [7.0] [cxt 0] Processing packet received on port 1
[20:03:00.890] [bmv2] [D] [thread 39770] [7.0] [cxt 0] Parser 'parser': start
[20:03:00.890] [bmv2] [D] [thread 39770] [7.0] [cxt 0] Parser 'parser' entering state 'start'
[20:03:00.890] [bmv2] [D] [thread 39770] [7.0] [cxt 0] Extracting header 'ethernet'
[20:03:00.891] [bmv2] [D] [thread 39770] [7.0] [cxt 0] Parser state 'start': key is 86dd
[20:03:00.891] [bmv2] [T] [thread 39770] [7.0] [cxt 0] Bytes parsed: 14
[20:03:00.891] [bmv2] [D] [thread 39770] [7.0] [cxt 0] Parser 'parser': end
[20:03:00.891] [bmv2] [D] [thread 39770] [7.0] [cxt 0] Pipeline 'ingress': start
[20:03:00.891] [bmv2] [T] [thread 39770] [7.0] [cxt 0] calc.p4(213) Condition "hdr.p4calc.isValid()" (node_2) is false
[20:03:00.891] [bmv2] [T] [thread 39770] [7.0] [cxt 0] Applying table 'tbl_operation_drop'
[20:03:00.891] [bmv2] [D] [thread 39770] [7.0] [cxt 0] Looking up key:

[20:03:00.891] [bmv2] [D] [thread 39770] [7.0] [cxt 0] Table 'tbl_operation_drop': miss
[20:03:00.891] [bmv2] [D] [thread 39770] [7.0] [cxt 0] Action entry is MyIngress.operation_drop - 
[20:03:00.891] [bmv2] [T] [thread 39770] [7.0] [cxt 0] Action MyIngress.operation_drop
[20:03:00.891] [bmv2] [T] [thread 39770] [7.0] [cxt 0] calc.p4(186) Primitive mark_to_drop(standard_metadata)
[20:03:00.891] [bmv2] [D] [thread 39770] [7.0] [cxt 0] Pipeline 'ingress': end
[20:03:00.891] [bmv2] [D] [thread 39770] [7.0] [cxt 0] Egress port is 511
[20:03:00.891] [bmv2] [D] [thread 39770] [7.0] [cxt 0] Dropping packet at the end of ingress
[20:03:00.918] [bmv2] [D] [thread 39770] [8.0] [cxt 0] Processing packet received on port 2
[20:03:00.918] [bmv2] [D] [thread 39770] [8.0] [cxt 0] Parser 'parser': start
[20:03:00.918] [bmv2] [D] [thread 39770] [8.0] [cxt 0] Parser 'parser' entering state 'start'
[20:03:00.918] [bmv2] [D] [thread 39770] [8.0] [cxt 0] Extracting header 'ethernet'
[20:03:00.918] [bmv2] [D] [thread 39770] [8.0] [cxt 0] Parser state 'start': key is 86dd
[20:03:00.918] [bmv2] [T] [thread 39770] [8.0] [cxt 0] Bytes parsed: 14
[20:03:00.918] [bmv2] [D] [thread 39770] [8.0] [cxt 0] Parser 'parser': end
[20:03:00.918] [bmv2] [D] [thread 39770] [8.0] [cxt 0] Pipeline 'ingress': start
[20:03:00.918] [bmv2] [T] [thread 39770] [8.0] [cxt 0] calc.p4(213) Condition "hdr.p4calc.isValid()" (node_2) is false
[20:03:00.918] [bmv2] [T] [thread 39770] [8.0] [cxt 0] Applying table 'tbl_operation_drop'
[20:03:00.918] [bmv2] [D] [thread 39770] [8.0] [cxt 0] Looking up key:

[20:03:00.918] [bmv2] [D] [thread 39770] [8.0] [cxt 0] Table 'tbl_operation_drop': miss
[20:03:00.918] [bmv2] [D] [thread 39770] [8.0] [cxt 0] Action entry is MyIngress.operation_drop - 
[20:03:00.918] [bmv2] [T] [thread 39770] [8.0] [cxt 0] Action MyIngress.operation_drop
[20:03:00.918] [bmv2] [T] [thread 39770] [8.0] [cxt 0] calc.p4(186) Primitive mark_to_drop(standard_metadata)
[20:03:00.918] [bmv2] [D] [thread 39770] [8.0] [cxt 0] Pipeline 'ingress': end
[20:03:00.918] [bmv2] [D] [thread 39770] [8.0] [cxt 0] Egress port is 511
[20:03:00.918] [bmv2] [D] [thread 39770] [8.0] [cxt 0] Dropping packet at the end of ingress
[20:03:00.918] [bmv2] [D] [thread 39770] [9.0] [cxt 0] Processing packet received on port 2
[20:03:00.918] [bmv2] [D] [thread 39770] [9.0] [cxt 0] Parser 'parser': start
[20:03:00.918] [bmv2] [D] [thread 39770] [9.0] [cxt 0] Parser 'parser' entering state 'start'
[20:03:00.918] [bmv2] [D] [thread 39770] [9.0] [cxt 0] Extracting header 'ethernet'
[20:03:00.918] [bmv2] [D] [thread 39770] [9.0] [cxt 0] Parser state 'start': key is 86dd
[20:03:00.918] [bmv2] [T] [thread 39770] [9.0] [cxt 0] Bytes parsed: 14
[20:03:00.918] [bmv2] [D] [thread 39770] [9.0] [cxt 0] Parser 'parser': end
[20:03:00.918] [bmv2] [D] [thread 39770] [9.0] [cxt 0] Pipeline 'ingress': start
[20:03:00.918] [bmv2] [T] [thread 39770] [9.0] [cxt 0] calc.p4(213) Condition "hdr.p4calc.isValid()" (node_2) is false
[20:03:00.918] [bmv2] [T] [thread 39770] [9.0] [cxt 0] Applying table 'tbl_operation_drop'
[20:03:00.918] [bmv2] [D] [thread 39770] [9.0] [cxt 0] Looking up key:

[20:03:00.919] [bmv2] [D] [thread 39770] [9.0] [cxt 0] Table 'tbl_operation_drop': miss
[20:03:00.919] [bmv2] [D] [thread 39770] [9.0] [cxt 0] Action entry is MyIngress.operation_drop - 
[20:03:00.919] [bmv2] [T] [thread 39770] [9.0] [cxt 0] Action MyIngress.operation_drop
[20:03:00.919] [bmv2] [T] [thread 39770] [9.0] [cxt 0] calc.p4(186) Primitive mark_to_drop(standard_metadata)
[20:03:00.919] [bmv2] [D] [thread 39770] [9.0] [cxt 0] Pipeline 'ingress': end
[20:03:00.919] [bmv2] [D] [thread 39770] [9.0] [cxt 0] Egress port is 511
[20:03:00.919] [bmv2] [D] [thread 39770] [9.0] [cxt 0] Dropping packet at the end of ingress
[20:03:00.920] [bmv2] [D] [thread 39770] [10.0] [cxt 0] Processing packet received on port 2
[20:03:00.920] [bmv2] [D] [thread 39770] [10.0] [cxt 0] Parser 'parser': start
[20:03:00.920] [bmv2] [D] [thread 39770] [10.0] [cxt 0] Parser 'parser' entering state 'start'
[20:03:00.920] [bmv2] [D] [thread 39770] [10.0] [cxt 0] Extracting header 'ethernet'
[20:03:00.920] [bmv2] [D] [thread 39770] [10.0] [cxt 0] Parser state 'start': key is 86dd
[20:03:00.920] [bmv2] [T] [thread 39770] [10.0] [cxt 0] Bytes parsed: 14
[20:03:00.920] [bmv2] [D] [thread 39770] [10.0] [cxt 0] Parser 'parser': end
[20:03:00.920] [bmv2] [D] [thread 39770] [10.0] [cxt 0] Pipeline 'ingress': start
[20:03:00.921] [bmv2] [T] [thread 39770] [10.0] [cxt 0] calc.p4(213) Condition "hdr.p4calc.isValid()" (node_2) is false
[20:03:00.921] [bmv2] [T] [thread 39770] [10.0] [cxt 0] Applying table 'tbl_operation_drop'
[20:03:00.921] [bmv2] [D] [thread 39770] [10.0] [cxt 0] Looking up key:

[20:03:00.921] [bmv2] [D] [thread 39770] [10.0] [cxt 0] Table 'tbl_operation_drop': miss
[20:03:00.921] [bmv2] [D] [thread 39770] [10.0] [cxt 0] Action entry is MyIngress.operation_drop - 
[20:03:00.921] [bmv2] [T] [thread 39770] [10.0] [cxt 0] Action MyIngress.operation_drop
[20:03:00.921] [bmv2] [T] [thread 39770] [10.0] [cxt 0] calc.p4(186) Primitive mark_to_drop(standard_metadata)
[20:03:00.921] [bmv2] [D] [thread 39770] [10.0] [cxt 0] Pipeline 'ingress': end
[20:03:00.921] [bmv2] [D] [thread 39770] [10.0] [cxt 0] Egress port is 511
[20:03:00.921] [bmv2] [D] [thread 39770] [10.0] [cxt 0] Dropping packet at the end of ingress
[20:03:01.010] [bmv2] [D] [thread 39770] [11.0] [cxt 0] Processing packet received on port 1
[20:03:01.010] [bmv2] [D] [thread 39770] [11.0] [cxt 0] Parser 'parser': start
[20:03:01.010] [bmv2] [D] [thread 39770] [11.0] [cxt 0] Parser 'parser' entering state 'start'
[20:03:01.010] [bmv2] [D] [thread 39770] [11.0] [cxt 0] Extracting header 'ethernet'
[20:03:01.010] [bmv2] [D] [thread 39770] [11.0] [cxt 0] Parser state 'start': key is 86dd
[20:03:01.010] [bmv2] [T] [thread 39770] [11.0] [cxt 0] Bytes parsed: 14
[20:03:01.010] [bmv2] [D] [thread 39770] [11.0] [cxt 0] Parser 'parser': end
[20:03:01.010] [bmv2] [D] [thread 39770] [11.0] [cxt 0] Pipeline 'ingress': start
[20:03:01.010] [bmv2] [T] [thread 39770] [11.0] [cxt 0] calc.p4(213) Condition "hdr.p4calc.isValid()" (node_2) is false
[20:03:01.010] [bmv2] [T] [thread 39770] [11.0] [cxt 0] Applying table 'tbl_operation_drop'
[20:03:01.010] [bmv2] [D] [thread 39770] [11.0] [cxt 0] Looking up key:

[20:03:01.010] [bmv2] [D] [thread 39770] [11.0] [cxt 0] Table 'tbl_operation_drop': miss
[20:03:01.010] [bmv2] [D] [thread 39770] [11.0] [cxt 0] Action entry is MyIngress.operation_drop - 
[20:03:01.010] [bmv2] [T] [thread 39770] [11.0] [cxt 0] Action MyIngress.operation_drop
[20:03:01.010] [bmv2] [T] [thread 39770] [11.0] [cxt 0] calc.p4(186) Primitive mark_to_drop(standard_metadata)
[20:03:01.010] [bmv2] [D] [thread 39770] [11.0] [cxt 0] Pipeline 'ingress': end
[20:03:01.010] [bmv2] [D] [thread 39770] [11.0] [cxt 0] Egress port is 511
[20:03:01.010] [bmv2] [D] [thread 39770] [11.0] [cxt 0] Dropping packet at the end of ingress
[20:03:01.018] [bmv2] [D] [thread 39770] [12.0] [cxt 0] Processing packet received on port 2
[20:03:01.018] [bmv2] [D] [thread 39770] [12.0] [cxt 0] Parser 'parser': start
[20:03:01.018] [bmv2] [D] [thread 39770] [12.0] [cxt 0] Parser 'parser' entering state 'start'
[20:03:01.018] [bmv2] [D] [thread 39770] [12.0] [cxt 0] Extracting header 'ethernet'
[20:03:01.018] [bmv2] [D] [thread 39770] [12.0] [cxt 0] Parser state 'start': key is 86dd
[20:03:01.018] [bmv2] [T] [thread 39770] [12.0] [cxt 0] Bytes parsed: 14
[20:03:01.018] [bmv2] [D] [thread 39770] [12.0] [cxt 0] Parser 'parser': end
[20:03:01.018] [bmv2] [D] [thread 39770] [12.0] [cxt 0] Pipeline 'ingress': start
[20:03:01.019] [bmv2] [T] [thread 39770] [12.0] [cxt 0] calc.p4(213) Condition "hdr.p4calc.isValid()" (node_2) is false
[20:03:01.019] [bmv2] [T] [thread 39770] [12.0] [cxt 0] Applying table 'tbl_operation_drop'
[20:03:01.019] [bmv2] [D] [thread 39770] [12.0] [cxt 0] Looking up key:

[20:03:01.019] [bmv2] [D] [thread 39770] [12.0] [cxt 0] Table 'tbl_operation_drop': miss
[20:03:01.019] [bmv2] [D] [thread 39770] [12.0] [cxt 0] Action entry is MyIngress.operation_drop - 
[20:03:01.019] [bmv2] [T] [thread 39770] [12.0] [cxt 0] Action MyIngress.operation_drop
[20:03:01.019] [bmv2] [T] [thread 39770] [12.0] [cxt 0] calc.p4(186) Primitive mark_to_drop(standard_metadata)
[20:03:01.019] [bmv2] [D] [thread 39770] [12.0] [cxt 0] Pipeline 'ingress': end
[20:03:01.019] [bmv2] [D] [thread 39770] [12.0] [cxt 0] Egress port is 511
[20:03:01.019] [bmv2] [D] [thread 39770] [12.0] [cxt 0] Dropping packet at the end of ingress
[20:03:01.062] [bmv2] [D] [thread 39770] [13.0] [cxt 0] Processing packet received on port 2
[20:03:01.062] [bmv2] [D] [thread 39770] [13.0] [cxt 0] Parser 'parser': start
[20:03:01.062] [bmv2] [D] [thread 39770] [13.0] [cxt 0] Parser 'parser' entering state 'start'
[20:03:01.062] [bmv2] [D] [thread 39770] [13.0] [cxt 0] Extracting header 'ethernet'
[20:03:01.062] [bmv2] [D] [thread 39770] [13.0] [cxt 0] Parser state 'start': key is 86dd
[20:03:01.063] [bmv2] [T] [thread 39770] [13.0] [cxt 0] Bytes parsed: 14
[20:03:01.063] [bmv2] [D] [thread 39770] [13.0] [cxt 0] Parser 'parser': end
[20:03:01.063] [bmv2] [D] [thread 39770] [13.0] [cxt 0] Pipeline 'ingress': start
[20:03:01.063] [bmv2] [T] [thread 39770] [13.0] [cxt 0] calc.p4(213) Condition "hdr.p4calc.isValid()" (node_2) is false
[20:03:01.063] [bmv2] [T] [thread 39770] [13.0] [cxt 0] Applying table 'tbl_operation_drop'
[20:03:01.063] [bmv2] [D] [thread 39770] [13.0] [cxt 0] Looking up key:

[20:03:01.063] [bmv2] [D] [thread 39770] [13.0] [cxt 0] Table 'tbl_operation_drop': miss
[20:03:01.063] [bmv2] [D] [thread 39770] [13.0] [cxt 0] Action entry is MyIngress.operation_drop - 
[20:03:01.063] [bmv2] [T] [thread 39770] [13.0] [cxt 0] Action MyIngress.operation_drop
[20:03:01.063] [bmv2] [T] [thread 39770] [13.0] [cxt 0] calc.p4(186) Primitive mark_to_drop(standard_metadata)
[20:03:01.063] [bmv2] [D] [thread 39770] [13.0] [cxt 0] Pipeline 'ingress': end
[20:03:01.063] [bmv2] [D] [thread 39770] [13.0] [cxt 0] Egress port is 511
[20:03:01.063] [bmv2] [D] [thread 39770] [13.0] [cxt 0] Dropping packet at the end of ingress
[20:03:01.138] [bmv2] [D] [thread 39770] [14.0] [cxt 0] Processing packet received on port 2
[20:03:01.138] [bmv2] [D] [thread 39770] [14.0] [cxt 0] Parser 'parser': start
[20:03:01.138] [bmv2] [D] [thread 39770] [14.0] [cxt 0] Parser 'parser' entering state 'start'
[20:03:01.138] [bmv2] [D] [thread 39770] [14.0] [cxt 0] Extracting header 'ethernet'
[20:03:01.138] [bmv2] [D] [thread 39770] [14.0] [cxt 0] Parser state 'start': key is 86dd
[20:03:01.138] [bmv2] [T] [thread 39770] [14.0] [cxt 0] Bytes parsed: 14
[20:03:01.138] [bmv2] [D] [thread 39770] [14.0] [cxt 0] Parser 'parser': end
[20:03:01.138] [bmv2] [D] [thread 39770] [14.0] [cxt 0] Pipeline 'ingress': start
[20:03:01.138] [bmv2] [T] [thread 39770] [14.0] [cxt 0] calc.p4(213) Condition "hdr.p4calc.isValid()" (node_2) is false
[20:03:01.138] [bmv2] [T] [thread 39770] [14.0] [cxt 0] Applying table 'tbl_operation_drop'
[20:03:01.138] [bmv2] [D] [thread 39770] [14.0] [cxt 0] Looking up key:

[20:03:01.138] [bmv2] [D] [thread 39770] [14.0] [cxt 0] Table 'tbl_operation_drop': miss
[20:03:01.138] [bmv2] [D] [thread 39770] [14.0] [cxt 0] Action entry is MyIngress.operation_drop - 
[20:03:01.138] [bmv2] [T] [thread 39770] [14.0] [cxt 0] Action MyIngress.operation_drop
[20:03:01.138] [bmv2] [T] [thread 39770] [14.0] [cxt 0] calc.p4(186) Primitive mark_to_drop(standard_metadata)
[20:03:01.138] [bmv2] [D] [thread 39770] [14.0] [cxt 0] Pipeline 'ingress': end
[20:03:01.138] [bmv2] [D] [thread 39770] [14.0] [cxt 0] Egress port is 511
[20:03:01.138] [bmv2] [D] [thread 39770] [14.0] [cxt 0] Dropping packet at the end of ingress
[20:03:01.200] [bmv2] [W] [thread 39832] [P4Runtime] p4::tmp::P4DeviceConfig is deprecated
[20:03:01.208] [bmv2] [D] [thread 39832] Set default default entry for table 'MyIngress.calculate': MyIngress.operation_drop - 
[20:03:01.208] [bmv2] [D] [thread 39832] Entry 0 added to table 'MyIngress.calculate'
[20:03:01.208] [bmv2] [D] [thread 39832] Dumping entry 0
Match key:
* hdr.p4calc.op       : EXACT     2b
Action entry: MyIngress.operation_add - 

[20:03:01.208] [bmv2] [D] [thread 39832] Entry 1 added to table 'MyIngress.calculate'
[20:03:01.208] [bmv2] [D] [thread 39832] Dumping entry 1
Match key:
* hdr.p4calc.op       : EXACT     2d
Action entry: MyIngress.operation_sub - 

[20:03:01.208] [bmv2] [D] [thread 39832] Entry 2 added to table 'MyIngress.calculate'
[20:03:01.208] [bmv2] [D] [thread 39832] Dumping entry 2
Match key:
* hdr.p4calc.op       : EXACT     26
Action entry: MyIngress.operation_and - 

[20:03:01.208] [bmv2] [D] [thread 39832] Entry 3 added to table 'MyIngress.calculate'
[20:03:01.208] [bmv2] [D] [thread 39832] Dumping entry 3
Match key:
* hdr.p4calc.op       : EXACT     7c
Action entry: MyIngress.operation_or - 

[20:03:01.208] [bmv2] [D] [thread 39832] Entry 4 added to table 'MyIngress.calculate'
[20:03:01.208] [bmv2] [D] [thread 39832] Dumping entry 4
Match key:
* hdr.p4calc.op       : EXACT     5e
Action entry: MyIngress.operation_xor - 

[20:03:01.208] [bmv2] [D] [thread 39832] Set default default entry for table 'tbl_operation_drop': MyIngress.operation_drop - 
[20:03:01.212] [bmv2] [D] [thread 39832] simple_switch target has been notified of a config swap
[20:03:01.246] [bmv2] [D] [thread 39770] [15.0] [cxt 0] Processing packet received on port 1
[20:03:01.246] [bmv2] [D] [thread 39770] [15.0] [cxt 0] Parser 'parser': start
[20:03:01.246] [bmv2] [D] [thread 39770] [15.0] [cxt 0] Parser 'parser' entering state 'start'
[20:03:01.246] [bmv2] [D] [thread 39770] [15.0] [cxt 0] Extracting header 'ethernet'
[20:03:01.246] [bmv2] [D] [thread 39770] [15.0] [cxt 0] Parser state 'start': key is 86dd
[20:03:01.246] [bmv2] [T] [thread 39770] [15.0] [cxt 0] Bytes parsed: 14
[20:03:01.246] [bmv2] [D] [thread 39770] [15.0] [cxt 0] Parser 'parser': end
[20:03:01.246] [bmv2] [D] [thread 39770] [15.0] [cxt 0] Pipeline 'ingress': start
[20:03:01.246] [bmv2] [T] [thread 39770] [15.0] [cxt 0] calc.p4(213) Condition "hdr.p4calc.isValid()" (node_2) is false
[20:03:01.246] [bmv2] [T] [thread 39770] [15.0] [cxt 0] Applying table 'tbl_operation_drop'
[20:03:01.246] [bmv2] [D] [thread 39770] [15.0] [cxt 0] Looking up key:

[20:03:01.246] [bmv2] [D] [thread 39770] [15.0] [cxt 0] Table 'tbl_operation_drop': miss
[20:03:01.246] [bmv2] [D] [thread 39770] [15.0] [cxt 0] Action entry is MyIngress.operation_drop - 
[20:03:01.246] [bmv2] [T] [thread 39770] [15.0] [cxt 0] Action MyIngress.operation_drop
[20:03:01.246] [bmv2] [T] [thread 39770] [15.0] [cxt 0] calc.p4(186) Primitive mark_to_drop(standard_metadata)
[20:03:01.246] [bmv2] [D] [thread 39770] [15.0] [cxt 0] Pipeline 'ingress': end
[20:03:01.246] [bmv2] [D] [thread 39770] [15.0] [cxt 0] Egress port is 511
[20:03:01.246] [bmv2] [D] [thread 39770] [15.0] [cxt 0] Dropping packet at the end of ingress
[20:03:01.261] [bmv2] [D] [thread 39770] [16.0] [cxt 0] Processing packet received on port 1
[20:03:01.261] [bmv2] [D] [thread 39770] [16.0] [cxt 0] Parser 'parser': start
[20:03:01.261] [bmv2] [D] [thread 39770] [16.0] [cxt 0] Parser 'parser' entering state 'start'
[20:03:01.261] [bmv2] [D] [thread 39770] [16.0] [cxt 0] Extracting header 'ethernet'
[20:03:01.261] [bmv2] [D] [thread 39770] [16.0] [cxt 0] Parser state 'start': key is 86dd
[20:03:01.261] [bmv2] [T] [thread 39770] [16.0] [cxt 0] Bytes parsed: 14
[20:03:01.261] [bmv2] [D] [thread 39770] [16.0] [cxt 0] Parser 'parser': end
[20:03:01.261] [bmv2] [D] [thread 39770] [16.0] [cxt 0] Pipeline 'ingress': start
[20:03:01.261] [bmv2] [T] [thread 39770] [16.0] [cxt 0] calc.p4(213) Condition "hdr.p4calc.isValid()" (node_2) is false
[20:03:01.261] [bmv2] [T] [thread 39770] [16.0] [cxt 0] Applying table 'tbl_operation_drop'
[20:03:01.261] [bmv2] [D] [thread 39770] [16.0] [cxt 0] Looking up key:

[20:03:01.261] [bmv2] [D] [thread 39770] [16.0] [cxt 0] Table 'tbl_operation_drop': miss
[20:03:01.261] [bmv2] [D] [thread 39770] [16.0] [cxt 0] Action entry is MyIngress.operation_drop - 
[20:03:01.261] [bmv2] [T] [thread 39770] [16.0] [cxt 0] Action MyIngress.operation_drop
[20:03:01.261] [bmv2] [T] [thread 39770] [16.0] [cxt 0] calc.p4(186) Primitive mark_to_drop(standard_metadata)
[20:03:01.261] [bmv2] [D] [thread 39770] [16.0] [cxt 0] Pipeline 'ingress': end
[20:03:01.261] [bmv2] [D] [thread 39770] [16.0] [cxt 0] Egress port is 511
[20:03:01.261] [bmv2] [D] [thread 39770] [16.0] [cxt 0] Dropping packet at the end of ingress
[20:03:01.261] [bmv2] [D] [thread 39770] [17.0] [cxt 0] Processing packet received on port 1
[20:03:01.261] [bmv2] [D] [thread 39770] [17.0] [cxt 0] Parser 'parser': start
[20:03:01.261] [bmv2] [D] [thread 39770] [17.0] [cxt 0] Parser 'parser' entering state 'start'
[20:03:01.261] [bmv2] [D] [thread 39770] [17.0] [cxt 0] Extracting header 'ethernet'
[20:03:01.261] [bmv2] [D] [thread 39770] [17.0] [cxt 0] Parser state 'start': key is 86dd
[20:03:01.261] [bmv2] [T] [thread 39770] [17.0] [cxt 0] Bytes parsed: 14
[20:03:01.261] [bmv2] [D] [thread 39770] [17.0] [cxt 0] Parser 'parser': end
[20:03:01.261] [bmv2] [D] [thread 39770] [17.0] [cxt 0] Pipeline 'ingress': start
[20:03:01.261] [bmv2] [T] [thread 39770] [17.0] [cxt 0] calc.p4(213) Condition "hdr.p4calc.isValid()" (node_2) is false
[20:03:01.261] [bmv2] [T] [thread 39770] [17.0] [cxt 0] Applying table 'tbl_operation_drop'
[20:03:01.261] [bmv2] [D] [thread 39770] [17.0] [cxt 0] Looking up key:

[20:03:01.261] [bmv2] [D] [thread 39770] [17.0] [cxt 0] Table 'tbl_operation_drop': miss
[20:03:01.261] [bmv2] [D] [thread 39770] [17.0] [cxt 0] Action entry is MyIngress.operation_drop - 
[20:03:01.261] [bmv2] [T] [thread 39770] [17.0] [cxt 0] Action MyIngress.operation_drop
[20:03:01.261] [bmv2] [T] [thread 39770] [17.0] [cxt 0] calc.p4(186) Primitive mark_to_drop(standard_metadata)
[20:03:01.261] [bmv2] [D] [thread 39770] [17.0] [cxt 0] Pipeline 'ingress': end
[20:03:01.261] [bmv2] [D] [thread 39770] [17.0] [cxt 0] Egress port is 511
[20:03:01.261] [bmv2] [D] [thread 39770] [17.0] [cxt 0] Dropping packet at the end of ingress
[20:03:01.388] [bmv2] [D] [thread 39770] [18.0] [cxt 0] Processing packet received on port 2
[20:03:01.388] [bmv2] [D] [thread 39770] [18.0] [cxt 0] Parser 'parser': start
[20:03:01.388] [bmv2] [D] [thread 39770] [18.0] [cxt 0] Parser 'parser' entering state 'start'
[20:03:01.388] [bmv2] [D] [thread 39770] [18.0] [cxt 0] Extracting header 'ethernet'
[20:03:01.389] [bmv2] [D] [thread 39770] [18.0] [cxt 0] Parser state 'start': key is 86dd
[20:03:01.389] [bmv2] [T] [thread 39770] [18.0] [cxt 0] Bytes parsed: 14
[20:03:01.389] [bmv2] [D] [thread 39770] [18.0] [cxt 0] Parser 'parser': end
[20:03:01.389] [bmv2] [D] [thread 39770] [18.0] [cxt 0] Pipeline 'ingress': start
[20:03:01.389] [bmv2] [T] [thread 39770] [18.0] [cxt 0] calc.p4(213) Condition "hdr.p4calc.isValid()" (node_2) is false
[20:03:01.389] [bmv2] [T] [thread 39770] [18.0] [cxt 0] Applying table 'tbl_operation_drop'
[20:03:01.389] [bmv2] [D] [thread 39770] [18.0] [cxt 0] Looking up key:

[20:03:01.389] [bmv2] [D] [thread 39770] [18.0] [cxt 0] Table 'tbl_operation_drop': miss
[20:03:01.389] [bmv2] [D] [thread 39770] [18.0] [cxt 0] Action entry is MyIngress.operation_drop - 
[20:03:01.389] [bmv2] [T] [thread 39770] [18.0] [cxt 0] Action MyIngress.operation_drop
[20:03:01.389] [bmv2] [T] [thread 39770] [18.0] [cxt 0] calc.p4(186) Primitive mark_to_drop(standard_metadata)
[20:03:01.389] [bmv2] [D] [thread 39770] [18.0] [cxt 0] Pipeline 'ingress': end
[20:03:01.389] [bmv2] [D] [thread 39770] [18.0] [cxt 0] Egress port is 511
[20:03:01.389] [bmv2] [D] [thread 39770] [18.0] [cxt 0] Dropping packet at the end of ingress
[20:03:01.511] [bmv2] [D] [thread 39770] [19.0] [cxt 0] Processing packet received on port 1
[20:03:01.511] [bmv2] [D] [thread 39770] [19.0] [cxt 0] Parser 'parser': start
[20:03:01.511] [bmv2] [D] [thread 39770] [19.0] [cxt 0] Parser 'parser' entering state 'start'
[20:03:01.511] [bmv2] [D] [thread 39770] [19.0] [cxt 0] Extracting header 'ethernet'
[20:03:01.511] [bmv2] [D] [thread 39770] [19.0] [cxt 0] Parser state 'start': key is 86dd
[20:03:01.511] [bmv2] [T] [thread 39770] [19.0] [cxt 0] Bytes parsed: 14
[20:03:01.512] [bmv2] [D] [thread 39770] [19.0] [cxt 0] Parser 'parser': end
[20:03:01.512] [bmv2] [D] [thread 39770] [19.0] [cxt 0] Pipeline 'ingress': start
[20:03:01.512] [bmv2] [T] [thread 39770] [19.0] [cxt 0] calc.p4(213) Condition "hdr.p4calc.isValid()" (node_2) is false
[20:03:01.512] [bmv2] [T] [thread 39770] [19.0] [cxt 0] Applying table 'tbl_operation_drop'
[20:03:01.512] [bmv2] [D] [thread 39770] [19.0] [cxt 0] Looking up key:

[20:03:01.512] [bmv2] [D] [thread 39770] [19.0] [cxt 0] Table 'tbl_operation_drop': miss
[20:03:01.512] [bmv2] [D] [thread 39770] [19.0] [cxt 0] Action entry is MyIngress.operation_drop - 
[20:03:01.512] [bmv2] [T] [thread 39770] [19.0] [cxt 0] Action MyIngress.operation_drop
[20:03:01.512] [bmv2] [T] [thread 39770] [19.0] [cxt 0] calc.p4(186) Primitive mark_to_drop(standard_metadata)
[20:03:01.512] [bmv2] [D] [thread 39770] [19.0] [cxt 0] Pipeline 'ingress': end
[20:03:01.512] [bmv2] [D] [thread 39770] [19.0] [cxt 0] Egress port is 511
[20:03:01.512] [bmv2] [D] [thread 39770] [19.0] [cxt 0] Dropping packet at the end of ingress
[20:03:01.639] [bmv2] [D] [thread 39770] [20.0] [cxt 0] Processing packet received on port 2
[20:03:01.639] [bmv2] [D] [thread 39770] [20.0] [cxt 0] Parser 'parser': start
[20:03:01.639] [bmv2] [D] [thread 39770] [20.0] [cxt 0] Parser 'parser' entering state 'start'
[20:03:01.639] [bmv2] [D] [thread 39770] [20.0] [cxt 0] Extracting header 'ethernet'
[20:03:01.639] [bmv2] [D] [thread 39770] [20.0] [cxt 0] Parser state 'start': key is 86dd
[20:03:01.639] [bmv2] [T] [thread 39770] [20.0] [cxt 0] Bytes parsed: 14
[20:03:01.639] [bmv2] [D] [thread 39770] [20.0] [cxt 0] Parser 'parser': end
[20:03:01.639] [bmv2] [D] [thread 39770] [20.0] [cxt 0] Pipeline 'ingress': start
[20:03:01.639] [bmv2] [T] [thread 39770] [20.0] [cxt 0] calc.p4(213) Condition "hdr.p4calc.isValid()" (node_2) is false
[20:03:01.639] [bmv2] [T] [thread 39770] [20.0] [cxt 0] Applying table 'tbl_operation_drop'
[20:03:01.639] [bmv2] [D] [thread 39770] [20.0] [cxt 0] Looking up key:

[20:03:01.639] [bmv2] [D] [thread 39770] [20.0] [cxt 0] Table 'tbl_operation_drop': miss
[20:03:01.639] [bmv2] [D] [thread 39770] [20.0] [cxt 0] Action entry is MyIngress.operation_drop - 
[20:03:01.639] [bmv2] [T] [thread 39770] [20.0] [cxt 0] Action MyIngress.operation_drop
[20:03:01.639] [bmv2] [T] [thread 39770] [20.0] [cxt 0] calc.p4(186) Primitive mark_to_drop(standard_metadata)
[20:03:01.640] [bmv2] [D] [thread 39770] [20.0] [cxt 0] Pipeline 'ingress': end
[20:03:01.640] [bmv2] [D] [thread 39770] [20.0] [cxt 0] Egress port is 511
[20:03:01.640] [bmv2] [D] [thread 39770] [20.0] [cxt 0] Dropping packet at the end of ingress
[20:03:01.712] [bmv2] [D] [thread 39770] [21.0] [cxt 0] Processing packet received on port 1
[20:03:01.712] [bmv2] [D] [thread 39770] [21.0] [cxt 0] Parser 'parser': start
[20:03:01.712] [bmv2] [D] [thread 39770] [21.0] [cxt 0] Parser 'parser' entering state 'start'
[20:03:01.712] [bmv2] [D] [thread 39770] [21.0] [cxt 0] Extracting header 'ethernet'
[20:03:01.712] [bmv2] [D] [thread 39770] [21.0] [cxt 0] Parser state 'start': key is 86dd
[20:03:01.712] [bmv2] [T] [thread 39770] [21.0] [cxt 0] Bytes parsed: 14
[20:03:01.712] [bmv2] [D] [thread 39770] [21.0] [cxt 0] Parser 'parser': end
[20:03:01.712] [bmv2] [D] [thread 39770] [21.0] [cxt 0] Pipeline 'ingress': start
[20:03:01.712] [bmv2] [T] [thread 39770] [21.0] [cxt 0] calc.p4(213) Condition "hdr.p4calc.isValid()" (node_2) is false
[20:03:01.712] [bmv2] [T] [thread 39770] [21.0] [cxt 0] Applying table 'tbl_operation_drop'
[20:03:01.712] [bmv2] [D] [thread 39770] [21.0] [cxt 0] Looking up key:

[20:03:01.712] [bmv2] [D] [thread 39770] [21.0] [cxt 0] Table 'tbl_operation_drop': miss
[20:03:01.712] [bmv2] [D] [thread 39770] [21.0] [cxt 0] Action entry is MyIngress.operation_drop - 
[20:03:01.712] [bmv2] [T] [thread 39770] [21.0] [cxt 0] Action MyIngress.operation_drop
[20:03:01.712] [bmv2] [T] [thread 39770] [21.0] [cxt 0] calc.p4(186) Primitive mark_to_drop(standard_metadata)
[20:03:01.712] [bmv2] [D] [thread 39770] [21.0] [cxt 0] Pipeline 'ingress': end
[20:03:01.712] [bmv2] [D] [thread 39770] [21.0] [cxt 0] Egress port is 511
[20:03:01.712] [bmv2] [D] [thread 39770] [21.0] [cxt 0] Dropping packet at the end of ingress
[20:03:01.813] [bmv2] [D] [thread 39770] [22.0] [cxt 0] Processing packet received on port 2
[20:03:01.813] [bmv2] [D] [thread 39770] [22.0] [cxt 0] Parser 'parser': start
[20:03:01.813] [bmv2] [D] [thread 39770] [22.0] [cxt 0] Parser 'parser' entering state 'start'
[20:03:01.813] [bmv2] [D] [thread 39770] [22.0] [cxt 0] Extracting header 'ethernet'
[20:03:01.813] [bmv2] [D] [thread 39770] [22.0] [cxt 0] Parser state 'start': key is 86dd
[20:03:01.813] [bmv2] [T] [thread 39770] [22.0] [cxt 0] Bytes parsed: 14
[20:03:01.814] [bmv2] [D] [thread 39770] [22.0] [cxt 0] Parser 'parser': end
[20:03:01.814] [bmv2] [D] [thread 39770] [22.0] [cxt 0] Pipeline 'ingress': start
[20:03:01.814] [bmv2] [T] [thread 39770] [22.0] [cxt 0] calc.p4(213) Condition "hdr.p4calc.isValid()" (node_2) is false
[20:03:01.814] [bmv2] [T] [thread 39770] [22.0] [cxt 0] Applying table 'tbl_operation_drop'
[20:03:01.814] [bmv2] [D] [thread 39770] [22.0] [cxt 0] Looking up key:

[20:03:01.814] [bmv2] [D] [thread 39770] [22.0] [cxt 0] Table 'tbl_operation_drop': miss
[20:03:01.814] [bmv2] [D] [thread 39770] [22.0] [cxt 0] Action entry is MyIngress.operation_drop - 
[20:03:01.814] [bmv2] [T] [thread 39770] [22.0] [cxt 0] Action MyIngress.operation_drop
[20:03:01.814] [bmv2] [T] [thread 39770] [22.0] [cxt 0] calc.p4(186) Primitive mark_to_drop(standard_metadata)
[20:03:01.814] [bmv2] [D] [thread 39770] [22.0] [cxt 0] Pipeline 'ingress': end
[20:03:01.814] [bmv2] [D] [thread 39770] [22.0] [cxt 0] Egress port is 511
[20:03:01.814] [bmv2] [D] [thread 39770] [22.0] [cxt 0] Dropping packet at the end of ingress
[20:03:01.839] [bmv2] [D] [thread 39770] [23.0] [cxt 0] Processing packet received on port 2
[20:03:01.839] [bmv2] [D] [thread 39770] [23.0] [cxt 0] Parser 'parser': start
[20:03:01.839] [bmv2] [D] [thread 39770] [23.0] [cxt 0] Parser 'parser' entering state 'start'
[20:03:01.840] [bmv2] [D] [thread 39770] [23.0] [cxt 0] Extracting header 'ethernet'
[20:03:01.840] [bmv2] [D] [thread 39770] [23.0] [cxt 0] Parser state 'start': key is 86dd
[20:03:01.840] [bmv2] [T] [thread 39770] [23.0] [cxt 0] Bytes parsed: 14
[20:03:01.840] [bmv2] [D] [thread 39770] [23.0] [cxt 0] Parser 'parser': end
[20:03:01.840] [bmv2] [D] [thread 39770] [23.0] [cxt 0] Pipeline 'ingress': start
[20:03:01.840] [bmv2] [T] [thread 39770] [23.0] [cxt 0] calc.p4(213) Condition "hdr.p4calc.isValid()" (node_2) is false
[20:03:01.840] [bmv2] [T] [thread 39770] [23.0] [cxt 0] Applying table 'tbl_operation_drop'
[20:03:01.840] [bmv2] [D] [thread 39770] [23.0] [cxt 0] Looking up key:

[20:03:01.840] [bmv2] [D] [thread 39770] [23.0] [cxt 0] Table 'tbl_operation_drop': miss
[20:03:01.840] [bmv2] [D] [thread 39770] [23.0] [cxt 0] Action entry is MyIngress.operation_drop - 
[20:03:01.840] [bmv2] [T] [thread 39770] [23.0] [cxt 0] Action MyIngress.operation_drop
[20:03:01.840] [bmv2] [T] [thread 39770] [23.0] [cxt 0] calc.p4(186) Primitive mark_to_drop(standard_metadata)
[20:03:01.840] [bmv2] [D] [thread 39770] [23.0] [cxt 0] Pipeline 'ingress': end
[20:03:01.840] [bmv2] [D] [thread 39770] [23.0] [cxt 0] Egress port is 511
[20:03:01.840] [bmv2] [D] [thread 39770] [23.0] [cxt 0] Dropping packet at the end of ingress
[20:03:01.891] [bmv2] [D] [thread 39770] [24.0] [cxt 0] Processing packet received on port 1
[20:03:01.891] [bmv2] [D] [thread 39770] [24.0] [cxt 0] Parser 'parser': start
[20:03:01.891] [bmv2] [D] [thread 39770] [24.0] [cxt 0] Parser 'parser' entering state 'start'
[20:03:01.891] [bmv2] [D] [thread 39770] [24.0] [cxt 0] Extracting header 'ethernet'
[20:03:01.891] [bmv2] [D] [thread 39770] [24.0] [cxt 0] Parser state 'start': key is 86dd
[20:03:01.891] [bmv2] [T] [thread 39770] [24.0] [cxt 0] Bytes parsed: 14
[20:03:01.891] [bmv2] [D] [thread 39770] [24.0] [cxt 0] Parser 'parser': end
[20:03:01.891] [bmv2] [D] [thread 39770] [24.0] [cxt 0] Pipeline 'ingress': start
[20:03:01.891] [bmv2] [T] [thread 39770] [24.0] [cxt 0] calc.p4(213) Condition "hdr.p4calc.isValid()" (node_2) is false
[20:03:01.891] [bmv2] [T] [thread 39770] [24.0] [cxt 0] Applying table 'tbl_operation_drop'
[20:03:01.891] [bmv2] [D] [thread 39770] [24.0] [cxt 0] Looking up key:

[20:03:01.891] [bmv2] [D] [thread 39770] [24.0] [cxt 0] Table 'tbl_operation_drop': miss
[20:03:01.891] [bmv2] [D] [thread 39770] [24.0] [cxt 0] Action entry is MyIngress.operation_drop - 
[20:03:01.892] [bmv2] [T] [thread 39770] [24.0] [cxt 0] Action MyIngress.operation_drop
[20:03:01.892] [bmv2] [T] [thread 39770] [24.0] [cxt 0] calc.p4(186) Primitive mark_to_drop(standard_metadata)
[20:03:01.892] [bmv2] [D] [thread 39770] [24.0] [cxt 0] Pipeline 'ingress': end
[20:03:01.892] [bmv2] [D] [thread 39770] [24.0] [cxt 0] Egress port is 511
[20:03:01.892] [bmv2] [D] [thread 39770] [24.0] [cxt 0] Dropping packet at the end of ingress
[20:03:02.019] [bmv2] [D] [thread 39770] [25.0] [cxt 0] Processing packet received on port 2
[20:03:02.019] [bmv2] [D] [thread 39770] [25.0] [cxt 0] Parser 'parser': start
[20:03:02.019] [bmv2] [D] [thread 39770] [25.0] [cxt 0] Parser 'parser' entering state 'start'
[20:03:02.019] [bmv2] [D] [thread 39770] [25.0] [cxt 0] Extracting header 'ethernet'
[20:03:02.019] [bmv2] [D] [thread 39770] [25.0] [cxt 0] Parser state 'start': key is 86dd
[20:03:02.019] [bmv2] [T] [thread 39770] [25.0] [cxt 0] Bytes parsed: 14
[20:03:02.019] [bmv2] [D] [thread 39770] [25.0] [cxt 0] Parser 'parser': end
[20:03:02.019] [bmv2] [D] [thread 39770] [25.0] [cxt 0] Pipeline 'ingress': start
[20:03:02.019] [bmv2] [T] [thread 39770] [25.0] [cxt 0] calc.p4(213) Condition "hdr.p4calc.isValid()" (node_2) is false
[20:03:02.019] [bmv2] [T] [thread 39770] [25.0] [cxt 0] Applying table 'tbl_operation_drop'
[20:03:02.019] [bmv2] [D] [thread 39770] [25.0] [cxt 0] Looking up key:

[20:03:02.019] [bmv2] [D] [thread 39770] [25.0] [cxt 0] Table 'tbl_operation_drop': miss
[20:03:02.019] [bmv2] [D] [thread 39770] [25.0] [cxt 0] Action entry is MyIngress.operation_drop - 
[20:03:02.019] [bmv2] [T] [thread 39770] [25.0] [cxt 0] Action MyIngress.operation_drop
[20:03:02.019] [bmv2] [T] [thread 39770] [25.0] [cxt 0] calc.p4(186) Primitive mark_to_drop(standard_metadata)
[20:03:02.019] [bmv2] [D] [thread 39770] [25.0] [cxt 0] Pipeline 'ingress': end
[20:03:02.019] [bmv2] [D] [thread 39770] [25.0] [cxt 0] Egress port is 511
[20:03:02.019] [bmv2] [D] [thread 39770] [25.0] [cxt 0] Dropping packet at the end of ingress
[20:03:02.881] [bmv2] [D] [thread 39770] [26.0] [cxt 0] Processing packet received on port 1
[20:03:02.882] [bmv2] [D] [thread 39770] [26.0] [cxt 0] Parser 'parser': start
[20:03:02.882] [bmv2] [D] [thread 39770] [26.0] [cxt 0] Parser 'parser' entering state 'start'
[20:03:02.882] [bmv2] [D] [thread 39770] [26.0] [cxt 0] Extracting header 'ethernet'
[20:03:02.882] [bmv2] [D] [thread 39770] [26.0] [cxt 0] Parser state 'start': key is 86dd
[20:03:02.882] [bmv2] [T] [thread 39770] [26.0] [cxt 0] Bytes parsed: 14
[20:03:02.882] [bmv2] [D] [thread 39770] [26.0] [cxt 0] Parser 'parser': end
[20:03:02.882] [bmv2] [D] [thread 39770] [26.0] [cxt 0] Pipeline 'ingress': start
[20:03:02.882] [bmv2] [T] [thread 39770] [26.0] [cxt 0] calc.p4(213) Condition "hdr.p4calc.isValid()" (node_2) is false
[20:03:02.882] [bmv2] [T] [thread 39770] [26.0] [cxt 0] Applying table 'tbl_operation_drop'
[20:03:02.882] [bmv2] [D] [thread 39770] [26.0] [cxt 0] Looking up key:

[20:03:02.882] [bmv2] [D] [thread 39770] [26.0] [cxt 0] Table 'tbl_operation_drop': miss
[20:03:02.882] [bmv2] [D] [thread 39770] [26.0] [cxt 0] Action entry is MyIngress.operation_drop - 
[20:03:02.882] [bmv2] [T] [thread 39770] [26.0] [cxt 0] Action MyIngress.operation_drop
[20:03:02.882] [bmv2] [T] [thread 39770] [26.0] [cxt 0] calc.p4(186) Primitive mark_to_drop(standard_metadata)
[20:03:02.882] [bmv2] [D] [thread 39770] [26.0] [cxt 0] Pipeline 'ingress': end
[20:03:02.882] [bmv2] [D] [thread 39770] [26.0] [cxt 0] Egress port is 511
[20:03:02.882] [bmv2] [D] [thread 39770] [26.0] [cxt 0] Dropping packet at the end of ingress
[20:03:03.009] [bmv2] [D] [thread 39770] [27.0] [cxt 0] Processing packet received on port 2
[20:03:03.009] [bmv2] [D] [thread 39770] [27.0] [cxt 0] Parser 'parser': start
[20:03:03.009] [bmv2] [D] [thread 39770] [27.0] [cxt 0] Parser 'parser' entering state 'start'
[20:03:03.009] [bmv2] [D] [thread 39770] [27.0] [cxt 0] Extracting header 'ethernet'
[20:03:03.009] [bmv2] [D] [thread 39770] [27.0] [cxt 0] Parser state 'start': key is 86dd
[20:03:03.009] [bmv2] [T] [thread 39770] [27.0] [cxt 0] Bytes parsed: 14
[20:03:03.009] [bmv2] [D] [thread 39770] [27.0] [cxt 0] Parser 'parser': end
[20:03:03.009] [bmv2] [D] [thread 39770] [27.0] [cxt 0] Pipeline 'ingress': start
[20:03:03.009] [bmv2] [T] [thread 39770] [27.0] [cxt 0] calc.p4(213) Condition "hdr.p4calc.isValid()" (node_2) is false
[20:03:03.009] [bmv2] [T] [thread 39770] [27.0] [cxt 0] Applying table 'tbl_operation_drop'
[20:03:03.009] [bmv2] [D] [thread 39770] [27.0] [cxt 0] Looking up key:

[20:03:03.009] [bmv2] [D] [thread 39770] [27.0] [cxt 0] Table 'tbl_operation_drop': miss
[20:03:03.009] [bmv2] [D] [thread 39770] [27.0] [cxt 0] Action entry is MyIngress.operation_drop - 
[20:03:03.009] [bmv2] [T] [thread 39770] [27.0] [cxt 0] Action MyIngress.operation_drop
[20:03:03.009] [bmv2] [T] [thread 39770] [27.0] [cxt 0] calc.p4(186) Primitive mark_to_drop(standard_metadata)
[20:03:03.009] [bmv2] [D] [thread 39770] [27.0] [cxt 0] Pipeline 'ingress': end
[20:03:03.009] [bmv2] [D] [thread 39770] [27.0] [cxt 0] Egress port is 511
[20:03:03.009] [bmv2] [D] [thread 39770] [27.0] [cxt 0] Dropping packet at the end of ingress
[20:03:03.891] [bmv2] [D] [thread 39770] [28.0] [cxt 0] Processing packet received on port 1
[20:03:03.891] [bmv2] [D] [thread 39770] [28.0] [cxt 0] Parser 'parser': start
[20:03:03.892] [bmv2] [D] [thread 39770] [28.0] [cxt 0] Parser 'parser' entering state 'start'
[20:03:03.892] [bmv2] [D] [thread 39770] [28.0] [cxt 0] Extracting header 'ethernet'
[20:03:03.892] [bmv2] [D] [thread 39770] [28.0] [cxt 0] Parser state 'start': key is 86dd
[20:03:03.892] [bmv2] [T] [thread 39770] [28.0] [cxt 0] Bytes parsed: 14
[20:03:03.892] [bmv2] [D] [thread 39770] [28.0] [cxt 0] Parser 'parser': end
[20:03:03.892] [bmv2] [D] [thread 39770] [28.0] [cxt 0] Pipeline 'ingress': start
[20:03:03.892] [bmv2] [T] [thread 39770] [28.0] [cxt 0] calc.p4(213) Condition "hdr.p4calc.isValid()" (node_2) is false
[20:03:03.892] [bmv2] [T] [thread 39770] [28.0] [cxt 0] Applying table 'tbl_operation_drop'
[20:03:03.892] [bmv2] [D] [thread 39770] [28.0] [cxt 0] Looking up key:

[20:03:03.892] [bmv2] [D] [thread 39770] [28.0] [cxt 0] Table 'tbl_operation_drop': miss
[20:03:03.892] [bmv2] [D] [thread 39770] [28.0] [cxt 0] Action entry is MyIngress.operation_drop - 
[20:03:03.892] [bmv2] [T] [thread 39770] [28.0] [cxt 0] Action MyIngress.operation_drop
[20:03:03.892] [bmv2] [T] [thread 39770] [28.0] [cxt 0] calc.p4(186) Primitive mark_to_drop(standard_metadata)
[20:03:03.892] [bmv2] [D] [thread 39770] [28.0] [cxt 0] Pipeline 'ingress': end
[20:03:03.892] [bmv2] [D] [thread 39770] [28.0] [cxt 0] Egress port is 511
[20:03:03.892] [bmv2] [D] [thread 39770] [28.0] [cxt 0] Dropping packet at the end of ingress
[20:03:04.020] [bmv2] [D] [thread 39770] [29.0] [cxt 0] Processing packet received on port 2
[20:03:04.020] [bmv2] [D] [thread 39770] [29.0] [cxt 0] Parser 'parser': start
[20:03:04.020] [bmv2] [D] [thread 39770] [29.0] [cxt 0] Parser 'parser' entering state 'start'
[20:03:04.020] [bmv2] [D] [thread 39770] [29.0] [cxt 0] Extracting header 'ethernet'
[20:03:04.020] [bmv2] [D] [thread 39770] [29.0] [cxt 0] Parser state 'start': key is 86dd
[20:03:04.020] [bmv2] [T] [thread 39770] [29.0] [cxt 0] Bytes parsed: 14
[20:03:04.020] [bmv2] [D] [thread 39770] [29.0] [cxt 0] Parser 'parser': end
[20:03:04.020] [bmv2] [D] [thread 39770] [29.0] [cxt 0] Pipeline 'ingress': start
[20:03:04.020] [bmv2] [T] [thread 39770] [29.0] [cxt 0] calc.p4(213) Condition "hdr.p4calc.isValid()" (node_2) is false
[20:03:04.020] [bmv2] [T] [thread 39770] [29.0] [cxt 0] Applying table 'tbl_operation_drop'
[20:03:04.020] [bmv2] [D] [thread 39770] [29.0] [cxt 0] Looking up key:

[20:03:04.020] [bmv2] [D] [thread 39770] [29.0] [cxt 0] Table 'tbl_operation_drop': miss
[20:03:04.020] [bmv2] [D] [thread 39770] [29.0] [cxt 0] Action entry is MyIngress.operation_drop - 
[20:03:04.020] [bmv2] [T] [thread 39770] [29.0] [cxt 0] Action MyIngress.operation_drop
[20:03:04.020] [bmv2] [T] [thread 39770] [29.0] [cxt 0] calc.p4(186) Primitive mark_to_drop(standard_metadata)
[20:03:04.020] [bmv2] [D] [thread 39770] [29.0] [cxt 0] Pipeline 'ingress': end
[20:03:04.020] [bmv2] [D] [thread 39770] [29.0] [cxt 0] Egress port is 511
[20:03:04.020] [bmv2] [D] [thread 39770] [29.0] [cxt 0] Dropping packet at the end of ingress
[20:03:04.565] [bmv2] [D] [thread 39770] [30.0] [cxt 0] Processing packet received on port 1
[20:03:04.565] [bmv2] [D] [thread 39770] [30.0] [cxt 0] Parser 'parser': start
[20:03:04.565] [bmv2] [D] [thread 39770] [30.0] [cxt 0] Parser 'parser' entering state 'start'
[20:03:04.565] [bmv2] [D] [thread 39770] [30.0] [cxt 0] Extracting header 'ethernet'
[20:03:04.565] [bmv2] [D] [thread 39770] [30.0] [cxt 0] Parser state 'start': key is 86dd
[20:03:04.566] [bmv2] [T] [thread 39770] [30.0] [cxt 0] Bytes parsed: 14
[20:03:04.566] [bmv2] [D] [thread 39770] [30.0] [cxt 0] Parser 'parser': end
[20:03:04.566] [bmv2] [D] [thread 39770] [30.0] [cxt 0] Pipeline 'ingress': start
[20:03:04.566] [bmv2] [T] [thread 39770] [30.0] [cxt 0] calc.p4(213) Condition "hdr.p4calc.isValid()" (node_2) is false
[20:03:04.566] [bmv2] [T] [thread 39770] [30.0] [cxt 0] Applying table 'tbl_operation_drop'
[20:03:04.566] [bmv2] [D] [thread 39770] [30.0] [cxt 0] Looking up key:

[20:03:04.566] [bmv2] [D] [thread 39770] [30.0] [cxt 0] Table 'tbl_operation_drop': miss
[20:03:04.566] [bmv2] [D] [thread 39770] [30.0] [cxt 0] Action entry is MyIngress.operation_drop - 
[20:03:04.566] [bmv2] [T] [thread 39770] [30.0] [cxt 0] Action MyIngress.operation_drop
[20:03:04.566] [bmv2] [T] [thread 39770] [30.0] [cxt 0] calc.p4(186) Primitive mark_to_drop(standard_metadata)
[20:03:04.566] [bmv2] [D] [thread 39770] [30.0] [cxt 0] Pipeline 'ingress': end
[20:03:04.566] [bmv2] [D] [thread 39770] [30.0] [cxt 0] Egress port is 511
[20:03:04.566] [bmv2] [D] [thread 39770] [30.0] [cxt 0] Dropping packet at the end of ingress
[20:03:04.949] [bmv2] [D] [thread 39770] [31.0] [cxt 0] Processing packet received on port 2
[20:03:04.949] [bmv2] [D] [thread 39770] [31.0] [cxt 0] Parser 'parser': start
[20:03:04.949] [bmv2] [D] [thread 39770] [31.0] [cxt 0] Parser 'parser' entering state 'start'
[20:03:04.949] [bmv2] [D] [thread 39770] [31.0] [cxt 0] Extracting header 'ethernet'
[20:03:04.949] [bmv2] [D] [thread 39770] [31.0] [cxt 0] Parser state 'start': key is 86dd
[20:03:04.950] [bmv2] [T] [thread 39770] [31.0] [cxt 0] Bytes parsed: 14
[20:03:04.950] [bmv2] [D] [thread 39770] [31.0] [cxt 0] Parser 'parser': end
[20:03:04.950] [bmv2] [D] [thread 39770] [31.0] [cxt 0] Pipeline 'ingress': start
[20:03:04.950] [bmv2] [T] [thread 39770] [31.0] [cxt 0] calc.p4(213) Condition "hdr.p4calc.isValid()" (node_2) is false
[20:03:04.950] [bmv2] [T] [thread 39770] [31.0] [cxt 0] Applying table 'tbl_operation_drop'
[20:03:04.950] [bmv2] [D] [thread 39770] [31.0] [cxt 0] Looking up key:

[20:03:04.950] [bmv2] [D] [thread 39770] [31.0] [cxt 0] Table 'tbl_operation_drop': miss
[20:03:04.950] [bmv2] [D] [thread 39770] [31.0] [cxt 0] Action entry is MyIngress.operation_drop - 
[20:03:04.950] [bmv2] [T] [thread 39770] [31.0] [cxt 0] Action MyIngress.operation_drop
[20:03:04.950] [bmv2] [T] [thread 39770] [31.0] [cxt 0] calc.p4(186) Primitive mark_to_drop(standard_metadata)
[20:03:04.950] [bmv2] [D] [thread 39770] [31.0] [cxt 0] Pipeline 'ingress': end
[20:03:04.950] [bmv2] [D] [thread 39770] [31.0] [cxt 0] Egress port is 511
[20:03:04.950] [bmv2] [D] [thread 39770] [31.0] [cxt 0] Dropping packet at the end of ingress
[20:03:05.050] [bmv2] [D] [thread 39770] [32.0] [cxt 0] Processing packet received on port 1
[20:03:05.051] [bmv2] [D] [thread 39770] [32.0] [cxt 0] Parser 'parser': start
[20:03:05.051] [bmv2] [D] [thread 39770] [32.0] [cxt 0] Parser 'parser' entering state 'start'
[20:03:05.051] [bmv2] [D] [thread 39770] [32.0] [cxt 0] Extracting header 'ethernet'
[20:03:05.051] [bmv2] [D] [thread 39770] [32.0] [cxt 0] Parser state 'start': key is 86dd
[20:03:05.051] [bmv2] [T] [thread 39770] [32.0] [cxt 0] Bytes parsed: 14
[20:03:05.051] [bmv2] [D] [thread 39770] [32.0] [cxt 0] Parser 'parser': end
[20:03:05.051] [bmv2] [D] [thread 39770] [32.0] [cxt 0] Pipeline 'ingress': start
[20:03:05.051] [bmv2] [T] [thread 39770] [32.0] [cxt 0] calc.p4(213) Condition "hdr.p4calc.isValid()" (node_2) is false
[20:03:05.051] [bmv2] [T] [thread 39770] [32.0] [cxt 0] Applying table 'tbl_operation_drop'
[20:03:05.051] [bmv2] [D] [thread 39770] [32.0] [cxt 0] Looking up key:

[20:03:05.051] [bmv2] [D] [thread 39770] [32.0] [cxt 0] Table 'tbl_operation_drop': miss
[20:03:05.051] [bmv2] [D] [thread 39770] [32.0] [cxt 0] Action entry is MyIngress.operation_drop - 
[20:03:05.051] [bmv2] [T] [thread 39770] [32.0] [cxt 0] Action MyIngress.operation_drop
[20:03:05.051] [bmv2] [T] [thread 39770] [32.0] [cxt 0] calc.p4(186) Primitive mark_to_drop(standard_metadata)
[20:03:05.051] [bmv2] [D] [thread 39770] [32.0] [cxt 0] Pipeline 'ingress': end
[20:03:05.051] [bmv2] [D] [thread 39770] [32.0] [cxt 0] Egress port is 511
[20:03:05.051] [bmv2] [D] [thread 39770] [32.0] [cxt 0] Dropping packet at the end of ingress
[20:03:05.178] [bmv2] [D] [thread 39770] [33.0] [cxt 0] Processing packet received on port 2
[20:03:05.178] [bmv2] [D] [thread 39770] [33.0] [cxt 0] Parser 'parser': start
[20:03:05.178] [bmv2] [D] [thread 39770] [33.0] [cxt 0] Parser 'parser' entering state 'start'
[20:03:05.178] [bmv2] [D] [thread 39770] [33.0] [cxt 0] Extracting header 'ethernet'
[20:03:05.178] [bmv2] [D] [thread 39770] [33.0] [cxt 0] Parser state 'start': key is 86dd
[20:03:05.178] [bmv2] [T] [thread 39770] [33.0] [cxt 0] Bytes parsed: 14
[20:03:05.178] [bmv2] [D] [thread 39770] [33.0] [cxt 0] Parser 'parser': end
[20:03:05.178] [bmv2] [D] [thread 39770] [33.0] [cxt 0] Pipeline 'ingress': start
[20:03:05.178] [bmv2] [T] [thread 39770] [33.0] [cxt 0] calc.p4(213) Condition "hdr.p4calc.isValid()" (node_2) is false
[20:03:05.178] [bmv2] [T] [thread 39770] [33.0] [cxt 0] Applying table 'tbl_operation_drop'
[20:03:05.179] [bmv2] [D] [thread 39770] [33.0] [cxt 0] Looking up key:

[20:03:05.179] [bmv2] [D] [thread 39770] [33.0] [cxt 0] Table 'tbl_operation_drop': miss
[20:03:05.179] [bmv2] [D] [thread 39770] [33.0] [cxt 0] Action entry is MyIngress.operation_drop - 
[20:03:05.179] [bmv2] [T] [thread 39770] [33.0] [cxt 0] Action MyIngress.operation_drop
[20:03:05.179] [bmv2] [T] [thread 39770] [33.0] [cxt 0] calc.p4(186) Primitive mark_to_drop(standard_metadata)
[20:03:05.179] [bmv2] [D] [thread 39770] [33.0] [cxt 0] Pipeline 'ingress': end
[20:03:05.179] [bmv2] [D] [thread 39770] [33.0] [cxt 0] Egress port is 511
[20:03:05.179] [bmv2] [D] [thread 39770] [33.0] [cxt 0] Dropping packet at the end of ingress
[20:03:07.893] [bmv2] [D] [thread 39770] [34.0] [cxt 0] Processing packet received on port 1
[20:03:07.893] [bmv2] [D] [thread 39770] [34.0] [cxt 0] Parser 'parser': start
[20:03:07.893] [bmv2] [D] [thread 39770] [34.0] [cxt 0] Parser 'parser' entering state 'start'
[20:03:07.893] [bmv2] [D] [thread 39770] [34.0] [cxt 0] Extracting header 'ethernet'
[20:03:07.893] [bmv2] [D] [thread 39770] [34.0] [cxt 0] Parser state 'start': key is 86dd
[20:03:07.893] [bmv2] [T] [thread 39770] [34.0] [cxt 0] Bytes parsed: 14
[20:03:07.893] [bmv2] [D] [thread 39770] [34.0] [cxt 0] Parser 'parser': end
[20:03:07.893] [bmv2] [D] [thread 39770] [34.0] [cxt 0] Pipeline 'ingress': start
[20:03:07.893] [bmv2] [T] [thread 39770] [34.0] [cxt 0] calc.p4(213) Condition "hdr.p4calc.isValid()" (node_2) is false
[20:03:07.893] [bmv2] [T] [thread 39770] [34.0] [cxt 0] Applying table 'tbl_operation_drop'
[20:03:07.893] [bmv2] [D] [thread 39770] [34.0] [cxt 0] Looking up key:

[20:03:07.893] [bmv2] [D] [thread 39770] [34.0] [cxt 0] Table 'tbl_operation_drop': miss
[20:03:07.893] [bmv2] [D] [thread 39770] [34.0] [cxt 0] Action entry is MyIngress.operation_drop - 
[20:03:07.893] [bmv2] [T] [thread 39770] [34.0] [cxt 0] Action MyIngress.operation_drop
[20:03:07.893] [bmv2] [T] [thread 39770] [34.0] [cxt 0] calc.p4(186) Primitive mark_to_drop(standard_metadata)
[20:03:07.893] [bmv2] [D] [thread 39770] [34.0] [cxt 0] Pipeline 'ingress': end
[20:03:07.893] [bmv2] [D] [thread 39770] [34.0] [cxt 0] Egress port is 511
[20:03:07.894] [bmv2] [D] [thread 39770] [34.0] [cxt 0] Dropping packet at the end of ingress
[20:03:08.020] [bmv2] [D] [thread 39770] [35.0] [cxt 0] Processing packet received on port 2
[20:03:08.020] [bmv2] [D] [thread 39770] [35.0] [cxt 0] Parser 'parser': start
[20:03:08.020] [bmv2] [D] [thread 39770] [35.0] [cxt 0] Parser 'parser' entering state 'start'
[20:03:08.020] [bmv2] [D] [thread 39770] [35.0] [cxt 0] Extracting header 'ethernet'
[20:03:08.020] [bmv2] [D] [thread 39770] [35.0] [cxt 0] Parser state 'start': key is 86dd
[20:03:08.020] [bmv2] [T] [thread 39770] [35.0] [cxt 0] Bytes parsed: 14
[20:03:08.020] [bmv2] [D] [thread 39770] [35.0] [cxt 0] Parser 'parser': end
[20:03:08.020] [bmv2] [D] [thread 39770] [35.0] [cxt 0] Pipeline 'ingress': start
[20:03:08.020] [bmv2] [T] [thread 39770] [35.0] [cxt 0] calc.p4(213) Condition "hdr.p4calc.isValid()" (node_2) is false
[20:03:08.020] [bmv2] [T] [thread 39770] [35.0] [cxt 0] Applying table 'tbl_operation_drop'
[20:03:08.020] [bmv2] [D] [thread 39770] [35.0] [cxt 0] Looking up key:

[20:03:08.020] [bmv2] [D] [thread 39770] [35.0] [cxt 0] Table 'tbl_operation_drop': miss
[20:03:08.020] [bmv2] [D] [thread 39770] [35.0] [cxt 0] Action entry is MyIngress.operation_drop - 
[20:03:08.020] [bmv2] [T] [thread 39770] [35.0] [cxt 0] Action MyIngress.operation_drop
[20:03:08.020] [bmv2] [T] [thread 39770] [35.0] [cxt 0] calc.p4(186) Primitive mark_to_drop(standard_metadata)
[20:03:08.020] [bmv2] [D] [thread 39770] [35.0] [cxt 0] Pipeline 'ingress': end
[20:03:08.020] [bmv2] [D] [thread 39770] [35.0] [cxt 0] Egress port is 511
[20:03:08.020] [bmv2] [D] [thread 39770] [35.0] [cxt 0] Dropping packet at the end of ingress
[20:03:12.437] [bmv2] [D] [thread 39770] [36.0] [cxt 0] Processing packet received on port 1
[20:03:12.437] [bmv2] [D] [thread 39770] [36.0] [cxt 0] Parser 'parser': start
[20:03:12.437] [bmv2] [D] [thread 39770] [36.0] [cxt 0] Parser 'parser' entering state 'start'
[20:03:12.437] [bmv2] [D] [thread 39770] [36.0] [cxt 0] Extracting header 'ethernet'
[20:03:12.438] [bmv2] [D] [thread 39770] [36.0] [cxt 0] Parser state 'start': key is 86dd
[20:03:12.438] [bmv2] [T] [thread 39770] [36.0] [cxt 0] Bytes parsed: 14
[20:03:12.438] [bmv2] [D] [thread 39770] [36.0] [cxt 0] Parser 'parser': end
[20:03:12.438] [bmv2] [D] [thread 39770] [36.0] [cxt 0] Pipeline 'ingress': start
[20:03:12.438] [bmv2] [T] [thread 39770] [36.0] [cxt 0] calc.p4(213) Condition "hdr.p4calc.isValid()" (node_2) is false
[20:03:12.438] [bmv2] [T] [thread 39770] [36.0] [cxt 0] Applying table 'tbl_operation_drop'
[20:03:12.438] [bmv2] [D] [thread 39770] [36.0] [cxt 0] Looking up key:

[20:03:12.438] [bmv2] [D] [thread 39770] [36.0] [cxt 0] Table 'tbl_operation_drop': miss
[20:03:12.438] [bmv2] [D] [thread 39770] [36.0] [cxt 0] Action entry is MyIngress.operation_drop - 
[20:03:12.438] [bmv2] [T] [thread 39770] [36.0] [cxt 0] Action MyIngress.operation_drop
[20:03:12.438] [bmv2] [T] [thread 39770] [36.0] [cxt 0] calc.p4(186) Primitive mark_to_drop(standard_metadata)
[20:03:12.438] [bmv2] [D] [thread 39770] [36.0] [cxt 0] Pipeline 'ingress': end
[20:03:12.438] [bmv2] [D] [thread 39770] [36.0] [cxt 0] Egress port is 511
[20:03:12.438] [bmv2] [D] [thread 39770] [36.0] [cxt 0] Dropping packet at the end of ingress
[20:03:12.949] [bmv2] [D] [thread 39770] [37.0] [cxt 0] Processing packet received on port 2
[20:03:12.949] [bmv2] [D] [thread 39770] [37.0] [cxt 0] Parser 'parser': start
[20:03:12.949] [bmv2] [D] [thread 39770] [37.0] [cxt 0] Parser 'parser' entering state 'start'
[20:03:12.949] [bmv2] [D] [thread 39770] [37.0] [cxt 0] Extracting header 'ethernet'
[20:03:12.950] [bmv2] [D] [thread 39770] [37.0] [cxt 0] Parser state 'start': key is 86dd
[20:03:12.950] [bmv2] [T] [thread 39770] [37.0] [cxt 0] Bytes parsed: 14
[20:03:12.950] [bmv2] [D] [thread 39770] [37.0] [cxt 0] Parser 'parser': end
[20:03:12.950] [bmv2] [D] [thread 39770] [37.0] [cxt 0] Pipeline 'ingress': start
[20:03:12.950] [bmv2] [T] [thread 39770] [37.0] [cxt 0] calc.p4(213) Condition "hdr.p4calc.isValid()" (node_2) is false
[20:03:12.950] [bmv2] [T] [thread 39770] [37.0] [cxt 0] Applying table 'tbl_operation_drop'
[20:03:12.950] [bmv2] [D] [thread 39770] [37.0] [cxt 0] Looking up key:

[20:03:12.950] [bmv2] [D] [thread 39770] [37.0] [cxt 0] Table 'tbl_operation_drop': miss
[20:03:12.950] [bmv2] [D] [thread 39770] [37.0] [cxt 0] Action entry is MyIngress.operation_drop - 
[20:03:12.950] [bmv2] [T] [thread 39770] [37.0] [cxt 0] Action MyIngress.operation_drop
[20:03:12.950] [bmv2] [T] [thread 39770] [37.0] [cxt 0] calc.p4(186) Primitive mark_to_drop(standard_metadata)
[20:03:12.950] [bmv2] [D] [thread 39770] [37.0] [cxt 0] Pipeline 'ingress': end
[20:03:12.950] [bmv2] [D] [thread 39770] [37.0] [cxt 0] Egress port is 511
[20:03:12.950] [bmv2] [D] [thread 39770] [37.0] [cxt 0] Dropping packet at the end of ingress
[20:03:15.900] [bmv2] [D] [thread 39770] [38.0] [cxt 0] Processing packet received on port 1
[20:03:15.900] [bmv2] [D] [thread 39770] [38.0] [cxt 0] Parser 'parser': start
[20:03:15.900] [bmv2] [D] [thread 39770] [38.0] [cxt 0] Parser 'parser' entering state 'start'
[20:03:15.900] [bmv2] [D] [thread 39770] [38.0] [cxt 0] Extracting header 'ethernet'
[20:03:15.900] [bmv2] [D] [thread 39770] [38.0] [cxt 0] Parser state 'start': key is 86dd
[20:03:15.900] [bmv2] [T] [thread 39770] [38.0] [cxt 0] Bytes parsed: 14
[20:03:15.900] [bmv2] [D] [thread 39770] [38.0] [cxt 0] Parser 'parser': end
[20:03:15.900] [bmv2] [D] [thread 39770] [38.0] [cxt 0] Pipeline 'ingress': start
[20:03:15.900] [bmv2] [T] [thread 39770] [38.0] [cxt 0] calc.p4(213) Condition "hdr.p4calc.isValid()" (node_2) is false
[20:03:15.900] [bmv2] [T] [thread 39770] [38.0] [cxt 0] Applying table 'tbl_operation_drop'
[20:03:15.900] [bmv2] [D] [thread 39770] [38.0] [cxt 0] Looking up key:

[20:03:15.900] [bmv2] [D] [thread 39770] [38.0] [cxt 0] Table 'tbl_operation_drop': miss
[20:03:15.900] [bmv2] [D] [thread 39770] [38.0] [cxt 0] Action entry is MyIngress.operation_drop - 
[20:03:15.900] [bmv2] [T] [thread 39770] [38.0] [cxt 0] Action MyIngress.operation_drop
[20:03:15.900] [bmv2] [T] [thread 39770] [38.0] [cxt 0] calc.p4(186) Primitive mark_to_drop(standard_metadata)
[20:03:15.900] [bmv2] [D] [thread 39770] [38.0] [cxt 0] Pipeline 'ingress': end
[20:03:15.900] [bmv2] [D] [thread 39770] [38.0] [cxt 0] Egress port is 511
[20:03:15.900] [bmv2] [D] [thread 39770] [38.0] [cxt 0] Dropping packet at the end of ingress
[20:03:16.021] [bmv2] [D] [thread 39770] [39.0] [cxt 0] Processing packet received on port 2
[20:03:16.021] [bmv2] [D] [thread 39770] [39.0] [cxt 0] Parser 'parser': start
[20:03:16.021] [bmv2] [D] [thread 39770] [39.0] [cxt 0] Parser 'parser' entering state 'start'
[20:03:16.021] [bmv2] [D] [thread 39770] [39.0] [cxt 0] Extracting header 'ethernet'
[20:03:16.021] [bmv2] [D] [thread 39770] [39.0] [cxt 0] Parser state 'start': key is 86dd
[20:03:16.021] [bmv2] [T] [thread 39770] [39.0] [cxt 0] Bytes parsed: 14
[20:03:16.021] [bmv2] [D] [thread 39770] [39.0] [cxt 0] Parser 'parser': end
[20:03:16.021] [bmv2] [D] [thread 39770] [39.0] [cxt 0] Pipeline 'ingress': start
[20:03:16.021] [bmv2] [T] [thread 39770] [39.0] [cxt 0] calc.p4(213) Condition "hdr.p4calc.isValid()" (node_2) is false
[20:03:16.021] [bmv2] [T] [thread 39770] [39.0] [cxt 0] Applying table 'tbl_operation_drop'
[20:03:16.021] [bmv2] [D] [thread 39770] [39.0] [cxt 0] Looking up key:

[20:03:16.021] [bmv2] [D] [thread 39770] [39.0] [cxt 0] Table 'tbl_operation_drop': miss
[20:03:16.021] [bmv2] [D] [thread 39770] [39.0] [cxt 0] Action entry is MyIngress.operation_drop - 
[20:03:16.021] [bmv2] [T] [thread 39770] [39.0] [cxt 0] Action MyIngress.operation_drop
[20:03:16.021] [bmv2] [T] [thread 39770] [39.0] [cxt 0] calc.p4(186) Primitive mark_to_drop(standard_metadata)
[20:03:16.021] [bmv2] [D] [thread 39770] [39.0] [cxt 0] Pipeline 'ingress': end
[20:03:16.021] [bmv2] [D] [thread 39770] [39.0] [cxt 0] Egress port is 511
[20:03:16.022] [bmv2] [D] [thread 39770] [39.0] [cxt 0] Dropping packet at the end of ingress
[20:03:16.177] [bmv2] [D] [thread 39770] [40.0] [cxt 0] Processing packet received on port 1
[20:03:16.177] [bmv2] [D] [thread 39770] [40.0] [cxt 0] Parser 'parser': start
[20:03:16.177] [bmv2] [D] [thread 39770] [40.0] [cxt 0] Parser 'parser' entering state 'start'
[20:03:16.177] [bmv2] [D] [thread 39770] [40.0] [cxt 0] Extracting header 'ethernet'
[20:03:16.177] [bmv2] [D] [thread 39770] [40.0] [cxt 0] Parser state 'start': key is 1234
[20:03:16.177] [bmv2] [T] [thread 39770] [40.0] [cxt 0] Bytes parsed: 14
[20:03:16.177] [bmv2] [D] [thread 39770] [40.0] [cxt 0] Parser 'parser' entering state 'check_p4calc'
[20:03:16.178] [bmv2] [D] [thread 39770] [40.0] [cxt 0] Parser set: setting field 'scalars.tmp_5' from lookahead (0, 128), new value is 106608262788657672652471835182928607934
[20:03:16.178] [bmv2] [D] [thread 39770] [40.0] [cxt 0] Executing method add_header
[20:03:16.178] [bmv2] [T] [thread 39770] [40.0] [cxt 0] Action add_header
[20:03:16.178] [bmv2] [T] [thread 39770] [40.0] [cxt 0] Primitive (no source info)
[20:03:16.178] [bmv2] [D] [thread 39770] [40.0] [cxt 0] Parser set: setting field 'tmp_0.p' from expression, new value is 80
[20:03:16.178] [bmv2] [D] [thread 39770] [40.0] [cxt 0] Parser set: setting field 'tmp_0.four' from expression, new value is 52
[20:03:16.178] [bmv2] [D] [thread 39770] [40.0] [cxt 0] Parser set: setting field 'tmp_0.ver' from expression, new value is 1
[20:03:16.178] [bmv2] [D] [thread 39770] [40.0] [cxt 0] Parser set: setting field 'tmp_0.op' from expression, new value is 43
[20:03:16.178] [bmv2] [D] [thread 39770] [40.0] [cxt 0] Parser set: setting field 'tmp_0.operand_a' from expression, new value is 1
[20:03:16.178] [bmv2] [D] [thread 39770] [40.0] [cxt 0] Parser set: setting field 'tmp_0.operand_b' from expression, new value is 1
[20:03:16.178] [bmv2] [D] [thread 39770] [40.0] [cxt 0] Parser set: setting field 'tmp_0.res' from expression, new value is 3735927486
[20:03:16.179] [bmv2] [D] [thread 39770] [40.0] [cxt 0] Parser set: setting field 'scalars.tmp_6' from lookahead (0, 128), new value is 106608262788657672652471835182928607934
[20:03:16.179] [bmv2] [D] [thread 39770] [40.0] [cxt 0] Executing method add_header
[20:03:16.179] [bmv2] [T] [thread 39770] [40.0] [cxt 0] Action add_header
[20:03:16.179] [bmv2] [T] [thread 39770] [40.0] [cxt 0] Primitive (no source info)
[20:03:16.179] [bmv2] [D] [thread 39770] [40.0] [cxt 0] Parser set: setting field 'tmp_2.p' from expression, new value is 80
[20:03:16.179] [bmv2] [D] [thread 39770] [40.0] [cxt 0] Parser set: setting field 'tmp_2.four' from expression, new value is 52
[20:03:16.179] [bmv2] [D] [thread 39770] [40.0] [cxt 0] Parser set: setting field 'tmp_2.ver' from expression, new value is 1
[20:03:16.179] [bmv2] [D] [thread 39770] [40.0] [cxt 0] Parser set: setting field 'tmp_2.op' from expression, new value is 43
[20:03:16.179] [bmv2] [D] [thread 39770] [40.0] [cxt 0] Parser set: setting field 'tmp_2.operand_a' from expression, new value is 1
[20:03:16.179] [bmv2] [D] [thread 39770] [40.0] [cxt 0] Parser set: setting field 'tmp_2.operand_b' from expression, new value is 1
[20:03:16.179] [bmv2] [D] [thread 39770] [40.0] [cxt 0] Parser set: setting field 'tmp_2.res' from expression, new value is 3735927486
[20:03:16.179] [bmv2] [D] [thread 39770] [40.0] [cxt 0] Parser set: setting field 'scalars.tmp_7' from lookahead (0, 128), new value is 106608262788657672652471835182928607934
[20:03:16.179] [bmv2] [D] [thread 39770] [40.0] [cxt 0] Executing method add_header
[20:03:16.179] [bmv2] [T] [thread 39770] [40.0] [cxt 0] Action add_header
[20:03:16.179] [bmv2] [T] [thread 39770] [40.0] [cxt 0] Primitive (no source info)
[20:03:16.179] [bmv2] [D] [thread 39770] [40.0] [cxt 0] Parser set: setting field 'tmp_4.p' from expression, new value is 80
[20:03:16.179] [bmv2] [D] [thread 39770] [40.0] [cxt 0] Parser set: setting field 'tmp_4.four' from expression, new value is 52
[20:03:16.179] [bmv2] [D] [thread 39770] [40.0] [cxt 0] Parser set: setting field 'tmp_4.ver' from expression, new value is 1
[20:03:16.179] [bmv2] [D] [thread 39770] [40.0] [cxt 0] Parser set: setting field 'tmp_4.op' from expression, new value is 43
[20:03:16.179] [bmv2] [D] [thread 39770] [40.0] [cxt 0] Parser set: setting field 'tmp_4.operand_a' from expression, new value is 1
[20:03:16.179] [bmv2] [D] [thread 39770] [40.0] [cxt 0] Parser set: setting field 'tmp_4.operand_b' from expression, new value is 1
[20:03:16.179] [bmv2] [D] [thread 39770] [40.0] [cxt 0] Parser set: setting field 'tmp_4.res' from expression, new value is 3735927486
[20:03:16.179] [bmv2] [D] [thread 39770] [40.0] [cxt 0] Parser set: setting field 'scalars.tmp' from expression, new value is 80
[20:03:16.179] [bmv2] [D] [thread 39770] [40.0] [cxt 0] Parser set: setting field 'scalars.tmp_1' from expression, new value is 52
[20:03:16.179] [bmv2] [D] [thread 39770] [40.0] [cxt 0] Parser set: setting field 'scalars.tmp_3' from expression, new value is 1
[20:03:16.179] [bmv2] [D] [thread 39770] [40.0] [cxt 0] Parser state 'check_p4calc': key is 503401
[20:03:16.179] [bmv2] [T] [thread 39770] [40.0] [cxt 0] Bytes parsed: 14
[20:03:16.179] [bmv2] [D] [thread 39770] [40.0] [cxt 0] Parser 'parser' entering state 'parse_p4calc'
[20:03:16.179] [bmv2] [D] [thread 39770] [40.0] [cxt 0] Extracting header 'p4calc'
[20:03:16.179] [bmv2] [D] [thread 39770] [40.0] [cxt 0] Parser state 'parse_p4calc' has no switch, going to default next state
[20:03:16.179] [bmv2] [T] [thread 39770] [40.0] [cxt 0] Bytes parsed: 30
[20:03:16.179] [bmv2] [D] [thread 39770] [40.0] [cxt 0] Parser 'parser': end
[20:03:16.179] [bmv2] [D] [thread 39770] [40.0] [cxt 0] Pipeline 'ingress': start
[20:03:16.179] [bmv2] [T] [thread 39770] [40.0] [cxt 0] calc.p4(213) Condition "hdr.p4calc.isValid()" (node_2) is true
[20:03:16.179] [bmv2] [T] [thread 39770] [40.0] [cxt 0] Applying table 'MyIngress.calculate'
[20:03:16.179] [bmv2] [D] [thread 39770] [40.0] [cxt 0] Looking up key:
* hdr.p4calc.op       : 2b

[20:03:16.179] [bmv2] [D] [thread 39770] [40.0] [cxt 0] Table 'MyIngress.calculate': hit with handle 0
[20:03:16.179] [bmv2] [D] [thread 39770] [40.0] [cxt 0] Dumping entry 0
Match key:
* hdr.p4calc.op       : EXACT     2b
Action entry: MyIngress.operation_add - 

[20:03:16.179] [bmv2] [D] [thread 39770] [40.0] [cxt 0] Action entry is MyIngress.operation_add - 
[20:03:16.179] [bmv2] [T] [thread 39770] [40.0] [cxt 0] Action MyIngress.operation_add
[20:03:16.179] [bmv2] [T] [thread 39770] [40.0] [cxt 0] calc.p4(150) Primitive hdr.p4calc.res=result; ...
[20:03:16.179] [bmv2] [T] [thread 39770] [40.0] [cxt 0] calc.p4(152) Primitive temp=hdr.ethernet.dstAddr
[20:03:16.179] [bmv2] [T] [thread 39770] [40.0] [cxt 0] calc.p4(153) Primitive hdr.ethernet.dstAddr=hdr.ethernet.srcAddr
[20:03:16.179] [bmv2] [T] [thread 39770] [40.0] [cxt 0] calc.p4(154) Primitive hdr.ethernet.srcAddr=temp
[20:03:16.179] [bmv2] [T] [thread 39770] [40.0] [cxt 0] calc.p4(156) Primitive standard_metadata.egress_spec=standard_metadata.ingress_port
[20:03:16.179] [bmv2] [D] [thread 39770] [40.0] [cxt 0] Pipeline 'ingress': end
[20:03:16.179] [bmv2] [D] [thread 39770] [40.0] [cxt 0] Egress port is 1
[20:03:16.180] [bmv2] [D] [thread 39772] [40.0] [cxt 0] Pipeline 'egress': start
[20:03:16.180] [bmv2] [D] [thread 39772] [40.0] [cxt 0] Pipeline 'egress': end
[20:03:16.180] [bmv2] [D] [thread 39772] [40.0] [cxt 0] Deparser 'deparser': start
[20:03:16.180] [bmv2] [D] [thread 39772] [40.0] [cxt 0] Deparsing header 'ethernet'
[20:03:16.180] [bmv2] [D] [thread 39772] [40.0] [cxt 0] Deparsing header 'p4calc'
[20:03:16.180] [bmv2] [D] [thread 39772] [40.0] [cxt 0] Deparser 'deparser': end
[20:03:16.180] [bmv2] [D] [thread 39775] [40.0] [cxt 0] Transmitting packet of size 31 out of port 1
[20:03:27.285] [bmv2] [D] [thread 39770] [41.0] [cxt 0] Processing packet received on port 1
[20:03:27.285] [bmv2] [D] [thread 39770] [41.0] [cxt 0] Parser 'parser': start
[20:03:27.285] [bmv2] [D] [thread 39770] [41.0] [cxt 0] Parser 'parser' entering state 'start'
[20:03:27.286] [bmv2] [D] [thread 39770] [41.0] [cxt 0] Extracting header 'ethernet'
[20:03:27.286] [bmv2] [D] [thread 39770] [41.0] [cxt 0] Parser state 'start': key is 86dd
[20:03:27.286] [bmv2] [T] [thread 39770] [41.0] [cxt 0] Bytes parsed: 14
[20:03:27.286] [bmv2] [D] [thread 39770] [41.0] [cxt 0] Parser 'parser': end
[20:03:27.286] [bmv2] [D] [thread 39770] [41.0] [cxt 0] Pipeline 'ingress': start
[20:03:27.286] [bmv2] [T] [thread 39770] [41.0] [cxt 0] calc.p4(213) Condition "hdr.p4calc.isValid()" (node_2) is false
[20:03:27.286] [bmv2] [T] [thread 39770] [41.0] [cxt 0] Applying table 'tbl_operation_drop'
[20:03:27.286] [bmv2] [D] [thread 39770] [41.0] [cxt 0] Looking up key:

[20:03:27.286] [bmv2] [D] [thread 39770] [41.0] [cxt 0] Table 'tbl_operation_drop': miss
[20:03:27.286] [bmv2] [D] [thread 39770] [41.0] [cxt 0] Action entry is MyIngress.operation_drop - 
[20:03:27.286] [bmv2] [T] [thread 39770] [41.0] [cxt 0] Action MyIngress.operation_drop
[20:03:27.286] [bmv2] [T] [thread 39770] [41.0] [cxt 0] calc.p4(186) Primitive mark_to_drop(standard_metadata)
[20:03:27.286] [bmv2] [D] [thread 39770] [41.0] [cxt 0] Pipeline 'ingress': end
[20:03:27.286] [bmv2] [D] [thread 39770] [41.0] [cxt 0] Egress port is 511
[20:03:27.286] [bmv2] [D] [thread 39770] [41.0] [cxt 0] Dropping packet at the end of ingress
[20:03:28.821] [bmv2] [D] [thread 39770] [42.0] [cxt 0] Processing packet received on port 2
[20:03:28.821] [bmv2] [D] [thread 39770] [42.0] [cxt 0] Parser 'parser': start
[20:03:28.821] [bmv2] [D] [thread 39770] [42.0] [cxt 0] Parser 'parser' entering state 'start'
[20:03:28.821] [bmv2] [D] [thread 39770] [42.0] [cxt 0] Extracting header 'ethernet'
[20:03:28.822] [bmv2] [D] [thread 39770] [42.0] [cxt 0] Parser state 'start': key is 86dd
[20:03:28.822] [bmv2] [T] [thread 39770] [42.0] [cxt 0] Bytes parsed: 14
[20:03:28.822] [bmv2] [D] [thread 39770] [42.0] [cxt 0] Parser 'parser': end
[20:03:28.822] [bmv2] [D] [thread 39770] [42.0] [cxt 0] Pipeline 'ingress': start
[20:03:28.822] [bmv2] [T] [thread 39770] [42.0] [cxt 0] calc.p4(213) Condition "hdr.p4calc.isValid()" (node_2) is false
[20:03:28.822] [bmv2] [T] [thread 39770] [42.0] [cxt 0] Applying table 'tbl_operation_drop'
[20:03:28.822] [bmv2] [D] [thread 39770] [42.0] [cxt 0] Looking up key:

[20:03:28.822] [bmv2] [D] [thread 39770] [42.0] [cxt 0] Table 'tbl_operation_drop': miss
[20:03:28.822] [bmv2] [D] [thread 39770] [42.0] [cxt 0] Action entry is MyIngress.operation_drop - 
[20:03:28.822] [bmv2] [T] [thread 39770] [42.0] [cxt 0] Action MyIngress.operation_drop
[20:03:28.822] [bmv2] [T] [thread 39770] [42.0] [cxt 0] calc.p4(186) Primitive mark_to_drop(standard_metadata)
[20:03:28.822] [bmv2] [D] [thread 39770] [42.0] [cxt 0] Pipeline 'ingress': end
[20:03:28.822] [bmv2] [D] [thread 39770] [42.0] [cxt 0] Egress port is 511
[20:03:28.822] [bmv2] [D] [thread 39770] [42.0] [cxt 0] Dropping packet at the end of ingress
[20:03:31.903] [bmv2] [D] [thread 39770] [43.0] [cxt 0] Processing packet received on port 1
[20:03:31.903] [bmv2] [D] [thread 39770] [43.0] [cxt 0] Parser 'parser': start
[20:03:31.903] [bmv2] [D] [thread 39770] [43.0] [cxt 0] Parser 'parser' entering state 'start'
[20:03:31.903] [bmv2] [D] [thread 39770] [43.0] [cxt 0] Extracting header 'ethernet'
[20:03:31.903] [bmv2] [D] [thread 39770] [43.0] [cxt 0] Parser state 'start': key is 86dd
[20:03:31.903] [bmv2] [T] [thread 39770] [43.0] [cxt 0] Bytes parsed: 14
[20:03:31.903] [bmv2] [D] [thread 39770] [43.0] [cxt 0] Parser 'parser': end
[20:03:31.903] [bmv2] [D] [thread 39770] [43.0] [cxt 0] Pipeline 'ingress': start
[20:03:31.903] [bmv2] [T] [thread 39770] [43.0] [cxt 0] calc.p4(213) Condition "hdr.p4calc.isValid()" (node_2) is false
[20:03:31.903] [bmv2] [T] [thread 39770] [43.0] [cxt 0] Applying table 'tbl_operation_drop'
[20:03:31.903] [bmv2] [D] [thread 39770] [43.0] [cxt 0] Looking up key:

[20:03:31.903] [bmv2] [D] [thread 39770] [43.0] [cxt 0] Table 'tbl_operation_drop': miss
[20:03:31.903] [bmv2] [D] [thread 39770] [43.0] [cxt 0] Action entry is MyIngress.operation_drop - 
[20:03:31.903] [bmv2] [T] [thread 39770] [43.0] [cxt 0] Action MyIngress.operation_drop
[20:03:31.903] [bmv2] [T] [thread 39770] [43.0] [cxt 0] calc.p4(186) Primitive mark_to_drop(standard_metadata)
[20:03:31.903] [bmv2] [D] [thread 39770] [43.0] [cxt 0] Pipeline 'ingress': end
[20:03:31.903] [bmv2] [D] [thread 39770] [43.0] [cxt 0] Egress port is 511
[20:03:31.903] [bmv2] [D] [thread 39770] [43.0] [cxt 0] Dropping packet at the end of ingress
[20:03:32.021] [bmv2] [D] [thread 39770] [44.0] [cxt 0] Processing packet received on port 2
[20:03:32.021] [bmv2] [D] [thread 39770] [44.0] [cxt 0] Parser 'parser': start
[20:03:32.021] [bmv2] [D] [thread 39770] [44.0] [cxt 0] Parser 'parser' entering state 'start'
[20:03:32.021] [bmv2] [D] [thread 39770] [44.0] [cxt 0] Extracting header 'ethernet'
[20:03:32.021] [bmv2] [D] [thread 39770] [44.0] [cxt 0] Parser state 'start': key is 86dd
[20:03:32.021] [bmv2] [T] [thread 39770] [44.0] [cxt 0] Bytes parsed: 14
[20:03:32.022] [bmv2] [D] [thread 39770] [44.0] [cxt 0] Parser 'parser': end
[20:03:32.022] [bmv2] [D] [thread 39770] [44.0] [cxt 0] Pipeline 'ingress': start
[20:03:32.022] [bmv2] [T] [thread 39770] [44.0] [cxt 0] calc.p4(213) Condition "hdr.p4calc.isValid()" (node_2) is false
[20:03:32.022] [bmv2] [T] [thread 39770] [44.0] [cxt 0] Applying table 'tbl_operation_drop'
[20:03:32.022] [bmv2] [D] [thread 39770] [44.0] [cxt 0] Looking up key:

[20:03:32.022] [bmv2] [D] [thread 39770] [44.0] [cxt 0] Table 'tbl_operation_drop': miss
[20:03:32.022] [bmv2] [D] [thread 39770] [44.0] [cxt 0] Action entry is MyIngress.operation_drop - 
[20:03:32.022] [bmv2] [T] [thread 39770] [44.0] [cxt 0] Action MyIngress.operation_drop
[20:03:32.022] [bmv2] [T] [thread 39770] [44.0] [cxt 0] calc.p4(186) Primitive mark_to_drop(standard_metadata)
[20:03:32.022] [bmv2] [D] [thread 39770] [44.0] [cxt 0] Pipeline 'ingress': end
[20:03:32.022] [bmv2] [D] [thread 39770] [44.0] [cxt 0] Egress port is 511
[20:03:32.022] [bmv2] [D] [thread 39770] [44.0] [cxt 0] Dropping packet at the end of ingress
[20:03:55.445] [bmv2] [D] [thread 39770] [45.0] [cxt 0] Processing packet received on port 1
[20:03:55.445] [bmv2] [D] [thread 39770] [45.0] [cxt 0] Parser 'parser': start
[20:03:55.445] [bmv2] [D] [thread 39770] [45.0] [cxt 0] Parser 'parser' entering state 'start'
[20:03:55.445] [bmv2] [D] [thread 39770] [45.0] [cxt 0] Extracting header 'ethernet'
[20:03:55.446] [bmv2] [D] [thread 39770] [45.0] [cxt 0] Parser state 'start': key is 86dd
[20:03:55.446] [bmv2] [T] [thread 39770] [45.0] [cxt 0] Bytes parsed: 14
[20:03:55.446] [bmv2] [D] [thread 39770] [45.0] [cxt 0] Parser 'parser': end
[20:03:55.446] [bmv2] [D] [thread 39770] [45.0] [cxt 0] Pipeline 'ingress': start
[20:03:55.446] [bmv2] [T] [thread 39770] [45.0] [cxt 0] calc.p4(213) Condition "hdr.p4calc.isValid()" (node_2) is false
[20:03:55.446] [bmv2] [T] [thread 39770] [45.0] [cxt 0] Applying table 'tbl_operation_drop'
[20:03:55.446] [bmv2] [D] [thread 39770] [45.0] [cxt 0] Looking up key:

[20:03:55.446] [bmv2] [D] [thread 39770] [45.0] [cxt 0] Table 'tbl_operation_drop': miss
[20:03:55.446] [bmv2] [D] [thread 39770] [45.0] [cxt 0] Action entry is MyIngress.operation_drop - 
[20:03:55.446] [bmv2] [T] [thread 39770] [45.0] [cxt 0] Action MyIngress.operation_drop
[20:03:55.446] [bmv2] [T] [thread 39770] [45.0] [cxt 0] calc.p4(186) Primitive mark_to_drop(standard_metadata)
[20:03:55.446] [bmv2] [D] [thread 39770] [45.0] [cxt 0] Pipeline 'ingress': end
[20:03:55.446] [bmv2] [D] [thread 39770] [45.0] [cxt 0] Egress port is 511
[20:03:55.446] [bmv2] [D] [thread 39770] [45.0] [cxt 0] Dropping packet at the end of ingress
[20:04:03.125] [bmv2] [D] [thread 39770] [46.0] [cxt 0] Processing packet received on port 2
[20:04:03.125] [bmv2] [D] [thread 39770] [46.0] [cxt 0] Parser 'parser': start
[20:04:03.125] [bmv2] [D] [thread 39770] [46.0] [cxt 0] Parser 'parser' entering state 'start'
[20:04:03.125] [bmv2] [D] [thread 39770] [46.0] [cxt 0] Extracting header 'ethernet'
[20:04:03.125] [bmv2] [D] [thread 39770] [46.0] [cxt 0] Parser state 'start': key is 86dd
[20:04:03.126] [bmv2] [T] [thread 39770] [46.0] [cxt 0] Bytes parsed: 14
[20:04:03.126] [bmv2] [D] [thread 39770] [46.0] [cxt 0] Parser 'parser': end
[20:04:03.126] [bmv2] [D] [thread 39770] [46.0] [cxt 0] Pipeline 'ingress': start
[20:04:03.126] [bmv2] [T] [thread 39770] [46.0] [cxt 0] calc.p4(213) Condition "hdr.p4calc.isValid()" (node_2) is false
[20:04:03.126] [bmv2] [T] [thread 39770] [46.0] [cxt 0] Applying table 'tbl_operation_drop'
[20:04:03.126] [bmv2] [D] [thread 39770] [46.0] [cxt 0] Looking up key:

[20:04:03.126] [bmv2] [D] [thread 39770] [46.0] [cxt 0] Table 'tbl_operation_drop': miss
[20:04:03.126] [bmv2] [D] [thread 39770] [46.0] [cxt 0] Action entry is MyIngress.operation_drop - 
[20:04:03.126] [bmv2] [T] [thread 39770] [46.0] [cxt 0] Action MyIngress.operation_drop
[20:04:03.126] [bmv2] [T] [thread 39770] [46.0] [cxt 0] calc.p4(186) Primitive mark_to_drop(standard_metadata)
[20:04:03.126] [bmv2] [D] [thread 39770] [46.0] [cxt 0] Pipeline 'ingress': end
[20:04:03.126] [bmv2] [D] [thread 39770] [46.0] [cxt 0] Egress port is 511
[20:04:03.126] [bmv2] [D] [thread 39770] [46.0] [cxt 0] Dropping packet at the end of ingress
[20:04:03.910] [bmv2] [D] [thread 39770] [47.0] [cxt 0] Processing packet received on port 1
[20:04:03.910] [bmv2] [D] [thread 39770] [47.0] [cxt 0] Parser 'parser': start
[20:04:03.911] [bmv2] [D] [thread 39770] [47.0] [cxt 0] Parser 'parser' entering state 'start'
[20:04:03.911] [bmv2] [D] [thread 39770] [47.0] [cxt 0] Extracting header 'ethernet'
[20:04:03.911] [bmv2] [D] [thread 39770] [47.0] [cxt 0] Parser state 'start': key is 86dd
[20:04:03.911] [bmv2] [T] [thread 39770] [47.0] [cxt 0] Bytes parsed: 14
[20:04:03.911] [bmv2] [D] [thread 39770] [47.0] [cxt 0] Parser 'parser': end
[20:04:03.911] [bmv2] [D] [thread 39770] [47.0] [cxt 0] Pipeline 'ingress': start
[20:04:03.911] [bmv2] [T] [thread 39770] [47.0] [cxt 0] calc.p4(213) Condition "hdr.p4calc.isValid()" (node_2) is false
[20:04:03.911] [bmv2] [T] [thread 39770] [47.0] [cxt 0] Applying table 'tbl_operation_drop'
[20:04:03.911] [bmv2] [D] [thread 39770] [47.0] [cxt 0] Looking up key:

[20:04:03.911] [bmv2] [D] [thread 39770] [47.0] [cxt 0] Table 'tbl_operation_drop': miss
[20:04:03.911] [bmv2] [D] [thread 39770] [47.0] [cxt 0] Action entry is MyIngress.operation_drop - 
[20:04:03.911] [bmv2] [T] [thread 39770] [47.0] [cxt 0] Action MyIngress.operation_drop
[20:04:03.911] [bmv2] [T] [thread 39770] [47.0] [cxt 0] calc.p4(186) Primitive mark_to_drop(standard_metadata)
[20:04:03.911] [bmv2] [D] [thread 39770] [47.0] [cxt 0] Pipeline 'ingress': end
[20:04:03.911] [bmv2] [D] [thread 39770] [47.0] [cxt 0] Egress port is 511
[20:04:03.911] [bmv2] [D] [thread 39770] [47.0] [cxt 0] Dropping packet at the end of ingress
[20:04:04.021] [bmv2] [D] [thread 39770] [48.0] [cxt 0] Processing packet received on port 2
[20:04:04.021] [bmv2] [D] [thread 39770] [48.0] [cxt 0] Parser 'parser': start
[20:04:04.021] [bmv2] [D] [thread 39770] [48.0] [cxt 0] Parser 'parser' entering state 'start'
[20:04:04.021] [bmv2] [D] [thread 39770] [48.0] [cxt 0] Extracting header 'ethernet'
[20:04:04.022] [bmv2] [D] [thread 39770] [48.0] [cxt 0] Parser state 'start': key is 86dd
[20:04:04.022] [bmv2] [T] [thread 39770] [48.0] [cxt 0] Bytes parsed: 14
[20:04:04.022] [bmv2] [D] [thread 39770] [48.0] [cxt 0] Parser 'parser': end
[20:04:04.022] [bmv2] [D] [thread 39770] [48.0] [cxt 0] Pipeline 'ingress': start
[20:04:04.022] [bmv2] [T] [thread 39770] [48.0] [cxt 0] calc.p4(213) Condition "hdr.p4calc.isValid()" (node_2) is false
[20:04:04.022] [bmv2] [T] [thread 39770] [48.0] [cxt 0] Applying table 'tbl_operation_drop'
[20:04:04.022] [bmv2] [D] [thread 39770] [48.0] [cxt 0] Looking up key:

[20:04:04.022] [bmv2] [D] [thread 39770] [48.0] [cxt 0] Table 'tbl_operation_drop': miss
[20:04:04.022] [bmv2] [D] [thread 39770] [48.0] [cxt 0] Action entry is MyIngress.operation_drop - 
[20:04:04.022] [bmv2] [T] [thread 39770] [48.0] [cxt 0] Action MyIngress.operation_drop
[20:04:04.022] [bmv2] [T] [thread 39770] [48.0] [cxt 0] calc.p4(186) Primitive mark_to_drop(standard_metadata)
[20:04:04.022] [bmv2] [D] [thread 39770] [48.0] [cxt 0] Pipeline 'ingress': end
[20:04:04.022] [bmv2] [D] [thread 39770] [48.0] [cxt 0] Egress port is 511
[20:04:04.022] [bmv2] [D] [thread 39770] [48.0] [cxt 0] Dropping packet at the end of ingress
[20:04:52.277] [bmv2] [D] [thread 39770] [49.0] [cxt 0] Processing packet received on port 1
[20:04:52.277] [bmv2] [D] [thread 39770] [49.0] [cxt 0] Parser 'parser': start
[20:04:52.277] [bmv2] [D] [thread 39770] [49.0] [cxt 0] Parser 'parser' entering state 'start'
[20:04:52.278] [bmv2] [D] [thread 39770] [49.0] [cxt 0] Extracting header 'ethernet'
[20:04:52.278] [bmv2] [D] [thread 39770] [49.0] [cxt 0] Parser state 'start': key is 86dd
[20:04:52.278] [bmv2] [T] [thread 39770] [49.0] [cxt 0] Bytes parsed: 14
[20:04:52.278] [bmv2] [D] [thread 39770] [49.0] [cxt 0] Parser 'parser': end
[20:04:52.278] [bmv2] [D] [thread 39770] [49.0] [cxt 0] Pipeline 'ingress': start
[20:04:52.278] [bmv2] [T] [thread 39770] [49.0] [cxt 0] calc.p4(213) Condition "hdr.p4calc.isValid()" (node_2) is false
[20:04:52.278] [bmv2] [T] [thread 39770] [49.0] [cxt 0] Applying table 'tbl_operation_drop'
[20:04:52.278] [bmv2] [D] [thread 39770] [49.0] [cxt 0] Looking up key:

[20:04:52.278] [bmv2] [D] [thread 39770] [49.0] [cxt 0] Table 'tbl_operation_drop': miss
[20:04:52.278] [bmv2] [D] [thread 39770] [49.0] [cxt 0] Action entry is MyIngress.operation_drop - 
[20:04:52.278] [bmv2] [T] [thread 39770] [49.0] [cxt 0] Action MyIngress.operation_drop
[20:04:52.278] [bmv2] [T] [thread 39770] [49.0] [cxt 0] calc.p4(186) Primitive mark_to_drop(standard_metadata)
[20:04:52.278] [bmv2] [D] [thread 39770] [49.0] [cxt 0] Pipeline 'ingress': end
[20:04:52.278] [bmv2] [D] [thread 39770] [49.0] [cxt 0] Egress port is 511
[20:04:52.278] [bmv2] [D] [thread 39770] [49.0] [cxt 0] Dropping packet at the end of ingress
[20:05:07.911] [bmv2] [D] [thread 39770] [50.0] [cxt 0] Processing packet received on port 1
[20:05:07.911] [bmv2] [D] [thread 39770] [50.0] [cxt 0] Parser 'parser': start
[20:05:07.911] [bmv2] [D] [thread 39770] [50.0] [cxt 0] Parser 'parser' entering state 'start'
[20:05:07.911] [bmv2] [D] [thread 39770] [50.0] [cxt 0] Extracting header 'ethernet'
[20:05:07.911] [bmv2] [D] [thread 39770] [50.0] [cxt 0] Parser state 'start': key is 86dd
[20:05:07.911] [bmv2] [T] [thread 39770] [50.0] [cxt 0] Bytes parsed: 14
[20:05:07.911] [bmv2] [D] [thread 39770] [50.0] [cxt 0] Parser 'parser': end
[20:05:07.911] [bmv2] [D] [thread 39770] [50.0] [cxt 0] Pipeline 'ingress': start
[20:05:07.911] [bmv2] [T] [thread 39770] [50.0] [cxt 0] calc.p4(213) Condition "hdr.p4calc.isValid()" (node_2) is false
[20:05:07.911] [bmv2] [T] [thread 39770] [50.0] [cxt 0] Applying table 'tbl_operation_drop'
[20:05:07.912] [bmv2] [D] [thread 39770] [50.0] [cxt 0] Looking up key:

[20:05:07.912] [bmv2] [D] [thread 39770] [50.0] [cxt 0] Table 'tbl_operation_drop': miss
[20:05:07.912] [bmv2] [D] [thread 39770] [50.0] [cxt 0] Action entry is MyIngress.operation_drop - 
[20:05:07.912] [bmv2] [T] [thread 39770] [50.0] [cxt 0] Action MyIngress.operation_drop
[20:05:07.912] [bmv2] [T] [thread 39770] [50.0] [cxt 0] calc.p4(186) Primitive mark_to_drop(standard_metadata)
[20:05:07.912] [bmv2] [D] [thread 39770] [50.0] [cxt 0] Pipeline 'ingress': end
[20:05:07.912] [bmv2] [D] [thread 39770] [50.0] [cxt 0] Egress port is 511
[20:05:07.912] [bmv2] [D] [thread 39770] [50.0] [cxt 0] Dropping packet at the end of ingress
[20:05:08.022] [bmv2] [D] [thread 39770] [51.0] [cxt 0] Processing packet received on port 2
[20:05:08.022] [bmv2] [D] [thread 39770] [51.0] [cxt 0] Parser 'parser': start
[20:05:08.022] [bmv2] [D] [thread 39770] [51.0] [cxt 0] Parser 'parser' entering state 'start'
[20:05:08.022] [bmv2] [D] [thread 39770] [51.0] [cxt 0] Extracting header 'ethernet'
[20:05:08.022] [bmv2] [D] [thread 39770] [51.0] [cxt 0] Parser state 'start': key is 86dd
[20:05:08.022] [bmv2] [T] [thread 39770] [51.0] [cxt 0] Bytes parsed: 14
[20:05:08.022] [bmv2] [D] [thread 39770] [51.0] [cxt 0] Parser 'parser': end
[20:05:08.022] [bmv2] [D] [thread 39770] [51.0] [cxt 0] Pipeline 'ingress': start
[20:05:08.022] [bmv2] [T] [thread 39770] [51.0] [cxt 0] calc.p4(213) Condition "hdr.p4calc.isValid()" (node_2) is false
[20:05:08.022] [bmv2] [T] [thread 39770] [51.0] [cxt 0] Applying table 'tbl_operation_drop'
[20:05:08.022] [bmv2] [D] [thread 39770] [51.0] [cxt 0] Looking up key:

[20:05:08.023] [bmv2] [D] [thread 39770] [51.0] [cxt 0] Table 'tbl_operation_drop': miss
[20:05:08.023] [bmv2] [D] [thread 39770] [51.0] [cxt 0] Action entry is MyIngress.operation_drop - 
[20:05:08.023] [bmv2] [T] [thread 39770] [51.0] [cxt 0] Action MyIngress.operation_drop
[20:05:08.023] [bmv2] [T] [thread 39770] [51.0] [cxt 0] calc.p4(186) Primitive mark_to_drop(standard_metadata)
[20:05:08.023] [bmv2] [D] [thread 39770] [51.0] [cxt 0] Pipeline 'ingress': end
[20:05:08.023] [bmv2] [D] [thread 39770] [51.0] [cxt 0] Egress port is 511
[20:05:08.023] [bmv2] [D] [thread 39770] [51.0] [cxt 0] Dropping packet at the end of ingress
[20:05:12.757] [bmv2] [D] [thread 39770] [52.0] [cxt 0] Processing packet received on port 2
[20:05:12.757] [bmv2] [D] [thread 39770] [52.0] [cxt 0] Parser 'parser': start
[20:05:12.757] [bmv2] [D] [thread 39770] [52.0] [cxt 0] Parser 'parser' entering state 'start'
[20:05:12.757] [bmv2] [D] [thread 39770] [52.0] [cxt 0] Extracting header 'ethernet'
[20:05:12.758] [bmv2] [D] [thread 39770] [52.0] [cxt 0] Parser state 'start': key is 86dd
[20:05:12.758] [bmv2] [T] [thread 39770] [52.0] [cxt 0] Bytes parsed: 14
[20:05:12.758] [bmv2] [D] [thread 39770] [52.0] [cxt 0] Parser 'parser': end
[20:05:12.758] [bmv2] [D] [thread 39770] [52.0] [cxt 0] Pipeline 'ingress': start
[20:05:12.758] [bmv2] [T] [thread 39770] [52.0] [cxt 0] calc.p4(213) Condition "hdr.p4calc.isValid()" (node_2) is false
[20:05:12.758] [bmv2] [T] [thread 39770] [52.0] [cxt 0] Applying table 'tbl_operation_drop'
[20:05:12.758] [bmv2] [D] [thread 39770] [52.0] [cxt 0] Looking up key:

[20:05:12.758] [bmv2] [D] [thread 39770] [52.0] [cxt 0] Table 'tbl_operation_drop': miss
[20:05:12.758] [bmv2] [D] [thread 39770] [52.0] [cxt 0] Action entry is MyIngress.operation_drop - 
[20:05:12.758] [bmv2] [T] [thread 39770] [52.0] [cxt 0] Action MyIngress.operation_drop
[20:05:12.758] [bmv2] [T] [thread 39770] [52.0] [cxt 0] calc.p4(186) Primitive mark_to_drop(standard_metadata)
[20:05:12.758] [bmv2] [D] [thread 39770] [52.0] [cxt 0] Pipeline 'ingress': end
[20:05:12.758] [bmv2] [D] [thread 39770] [52.0] [cxt 0] Egress port is 511
[20:05:12.758] [bmv2] [D] [thread 39770] [52.0] [cxt 0] Dropping packet at the end of ingress
